[ +254 ms] Artifact Instance of 'MaterialFonts' is not required, skipping update.
[        ] Artifact Instance of 'GradleWrapper' is not required, skipping update.
[        ] Artifact Instance of 'AndroidGenSnapshotArtifacts' is not required, skipping update.
[        ] Artifact Instance of 'AndroidInternalBuildArtifacts' is not required, skipping update.
[        ] Artifact Instance of 'IOSEngineArtifacts' is not required, skipping update.
[        ] Artifact Instance of 'FlutterWebSdk' is not required, skipping update.
[        ] Artifact Instance of 'LegacyCanvasKitRemover' is not required, skipping update.
[        ] Artifact Instance of 'FlutterSdk' is not required, skipping update.
[        ] Artifact Instance of 'WindowsEngineArtifacts' is not required, skipping update.
[        ] Artifact Instance of 'MacOSEngineArtifacts' is not required, skipping update.
[        ] Artifact Instance of 'LinuxEngineArtifacts' is not required, skipping update.
[        ] Artifact Instance of 'LinuxFuchsiaSDKArtifacts' is not required, skipping update.
[        ] Artifact Instance of 'MacOSFuchsiaSDKArtifacts' is not required, skipping update.
[        ] Artifact Instance of 'FlutterRunnerSDKArtifacts' is not required, skipping update.
[        ] Artifact Instance of 'FlutterRunnerDebugSymbols' is not required, skipping update.
[        ] Artifact Instance of 'IosUsbArtifacts' is not required, skipping update.
[        ] Artifact Instance of 'IosUsbArtifacts' is not required, skipping update.
[        ] Artifact Instance of 'IosUsbArtifacts' is not required, skipping update.
[        ] Artifact Instance of 'IosUsbArtifacts' is not required, skipping update.
[        ] Artifact Instance of 'IosUsbArtifacts' is not required, skipping update.
[        ] Artifact Instance of 'IosUsbArtifacts' is not required, skipping update.
[        ] Artifact Instance of 'FontSubsetArtifacts' is not required, skipping update.
[        ] Artifact Instance of 'PubDependencies' is not required, skipping update.
[  +79 ms] Artifact Instance of 'AndroidGenSnapshotArtifacts' is not required, skipping update.
[        ] Artifact Instance of 'AndroidInternalBuildArtifacts' is not required, skipping update.
[        ] Artifact Instance of 'IOSEngineArtifacts' is not required, skipping update.
[        ] Artifact Instance of 'FlutterWebSdk' is not required, skipping update.
[        ] Artifact Instance of 'FlutterEngineStamp' is not required, skipping update.
[        ] Artifact Instance of 'LegacyCanvasKitRemover' is not required, skipping update.
[   +1 ms] Artifact Instance of 'WindowsEngineArtifacts' is not required, skipping update.
[        ] Artifact Instance of 'MacOSEngineArtifacts' is not required, skipping update.
[        ] Artifact Instance of 'LinuxEngineArtifacts' is not required, skipping update.
[        ] Artifact Instance of 'LinuxFuchsiaSDKArtifacts' is not required, skipping update.
[        ] Artifact Instance of 'MacOSFuchsiaSDKArtifacts' is not required, skipping update.
[        ] Artifact Instance of 'FlutterRunnerSDKArtifacts' is not required, skipping update.
[        ] Artifact Instance of 'FlutterRunnerDebugSymbols' is not required, skipping update.
[  +47 ms] Artifact Instance of 'AndroidGenSnapshotArtifacts' is not required, skipping update.
[        ] Artifact Instance of 'AndroidInternalBuildArtifacts' is not required, skipping update.
[        ] Artifact Instance of 'IOSEngineArtifacts' is not required, skipping update.
[        ] Artifact Instance of 'FlutterWebSdk' is not required, skipping update.
[        ] Artifact Instance of 'FlutterEngineStamp' is not required, skipping update.
[        ] Artifact Instance of 'LegacyCanvasKitRemover' is not required, skipping update.
[   +2 ms] Artifact Instance of 'MacOSEngineArtifacts' is not required, skipping update.
[        ] Artifact Instance of 'LinuxEngineArtifacts' is not required, skipping update.
[        ] Artifact Instance of 'LinuxFuchsiaSDKArtifacts' is not required, skipping update.
[        ] Artifact Instance of 'MacOSFuchsiaSDKArtifacts' is not required, skipping update.
[        ] Artifact Instance of 'FlutterRunnerSDKArtifacts' is not required, skipping update.
[        ] Artifact Instance of 'FlutterRunnerDebugSymbols' is not required, skipping update.
[  +39 ms] Skipping pub get: version match.
[  +64 ms] Found plugin url_launcher at C:\Users\ricky\AppData\Local\Pub\Cache\hosted\pub.dev\url_launcher-6.3.2\
[   +4 ms] Found plugin url_launcher_windows at C:\Users\ricky\AppData\Local\Pub\Cache\hosted\pub.dev\url_launcher_windows-3.1.5\
[   +7 ms] Found plugin url_launcher_web at C:\Users\ricky\AppData\Local\Pub\Cache\hosted\pub.dev\url_launcher_web-2.4.1\
[   +3 ms] Found plugin url_launcher_macos at C:\Users\ricky\AppData\Local\Pub\Cache\hosted\pub.dev\url_launcher_macos-3.2.5\
[   +2 ms] Found plugin url_launcher_linux at C:\Users\ricky\AppData\Local\Pub\Cache\hosted\pub.dev\url_launcher_linux-3.2.2\
[   +5 ms] Found plugin url_launcher_ios at C:\Users\ricky\AppData\Local\Pub\Cache\hosted\pub.dev\url_launcher_ios-6.3.6\
[   +3 ms] Found plugin url_launcher_android at C:\Users\ricky\AppData\Local\Pub\Cache\hosted\pub.dev\url_launcher_android-6.3.28\
[   +3 ms] Found plugin printing at C:\Users\ricky\AppData\Local\Pub\Cache\hosted\pub.dev\printing-5.14.2\
[  +26 ms] Found plugin path_provider at C:\Users\ricky\AppData\Local\Pub\Cache\hosted\pub.dev\path_provider-2.1.5\
[   +1 ms] Found plugin path_provider_windows at C:\Users\ricky\AppData\Local\Pub\Cache\hosted\pub.dev\path_provider_windows-2.3.0\
[   +4 ms] Found plugin path_provider_linux at C:\Users\ricky\AppData\Local\Pub\Cache\hosted\pub.dev\path_provider_linux-2.2.1\
[   +2 ms] Found plugin path_provider_foundation at C:\Users\ricky\AppData\Local\Pub\Cache\hosted\pub.dev\path_provider_foundation-2.5.1\
[   +1 ms] Found plugin path_provider_android at C:\Users\ricky\AppData\Local\Pub\Cache\hosted\pub.dev\path_provider_android-2.2.22\
[  +18 ms] Found plugin webview_flutter_wkwebview at C:\Users\ricky\AppData\Local\Pub\Cache\hosted\pub.dev\webview_flutter_wkwebview-3.23.5\
[   +2 ms] Found plugin webview_flutter_android at C:\Users\ricky\AppData\Local\Pub\Cache\hosted\pub.dev\webview_flutter_android-4.10.11\
[   +1 ms] Found plugin webview_flutter at C:\Users\ricky\AppData\Local\Pub\Cache\hosted\pub.dev\webview_flutter-4.13.0\
[  +11 ms] Found plugin just_audio at C:\Users\ricky\AppData\Local\Pub\Cache\hosted\pub.dev\just_audio-0.10.5\
[   +7 ms] Found plugin just_audio_web at C:\Users\ricky\AppData\Local\Pub\Cache\hosted\pub.dev\just_audio_web-0.4.16\
[   +4 ms] Found plugin audio_session at C:\Users\ricky\AppData\Local\Pub\Cache\hosted\pub.dev\audio_session-0.2.2\
[   +3 ms] Found plugin video_player at C:\Users\ricky\AppData\Local\Pub\Cache\hosted\pub.dev\video_player-2.10.1\
[   +1 ms] Found plugin video_player_web at C:\Users\ricky\AppData\Local\Pub\Cache\hosted\pub.dev\video_player_web-2.4.0\
[   +2 ms] Found plugin video_player_avfoundation at C:\Users\ricky\AppData\Local\Pub\Cache\hosted\pub.dev\video_player_avfoundation-2.8.8\
[   +1 ms] Found plugin video_player_android at C:\Users\ricky\AppData\Local\Pub\Cache\hosted\pub.dev\video_player_android-2.8.22\
[   +2 ms] Found plugin wakelock_plus at C:\Users\ricky\AppData\Local\Pub\Cache\hosted\pub.dev\wakelock_plus-1.4.0\
[   +6 ms] Found plugin package_info_plus at C:\Users\ricky\AppData\Local\Pub\Cache\hosted\pub.dev\package_info_plus-9.0.0\
[  +10 ms] Found plugin sqflite at C:\Users\ricky\AppData\Local\Pub\Cache\hosted\pub.dev\sqflite-2.4.2\
[   +4 ms] Found plugin sqflite_darwin at C:\Users\ricky\AppData\Local\Pub\Cache\hosted\pub.dev\sqflite_darwin-2.4.2\
[   +1 ms] Found plugin sqflite_android at C:\Users\ricky\AppData\Local\Pub\Cache\hosted\pub.dev\sqflite_android-2.4.2+2\
[   +8 ms] Found plugin flutter_secure_storage at C:\Users\ricky\AppData\Local\Pub\Cache\hosted\pub.dev\flutter_secure_storage-9.2.4\
[   +1 ms] Found plugin flutter_secure_storage_windows at C:\Users\ricky\AppData\Local\Pub\Cache\hosted\pub.dev\flutter_secure_storage_windows-3.1.2\
[   +2 ms] Found plugin flutter_secure_storage_web at C:\Users\ricky\AppData\Local\Pub\Cache\hosted\pub.dev\flutter_secure_storage_web-1.2.1\
[   +2 ms] Found plugin flutter_secure_storage_macos at C:\Users\ricky\AppData\Local\Pub\Cache\hosted\pub.dev\flutter_secure_storage_macos-3.1.3\
[   +1 ms] Found plugin flutter_secure_storage_linux at C:\Users\ricky\AppData\Local\Pub\Cache\hosted\pub.dev\flutter_secure_storage_linux-1.2.3\
[   +6 ms] Found plugin flutter_inappwebview at C:\Users\ricky\AppData\Local\Pub\Cache\hosted\pub.dev\flutter_inappwebview-6.1.5\
[   +2 ms] Found plugin flutter_inappwebview_windows at C:\Users\ricky\AppData\Local\Pub\Cache\hosted\pub.dev\flutter_inappwebview_windows-0.6.0\
[   +5 ms] Found plugin flutter_inappwebview_web at C:\Users\ricky\AppData\Local\Pub\Cache\hosted\pub.dev\flutter_inappwebview_web-1.1.2\
[   +2 ms] Found plugin flutter_inappwebview_macos at C:\Users\ricky\AppData\Local\Pub\Cache\hosted\pub.dev\flutter_inappwebview_macos-1.1.2\
[   +2 ms] Found plugin flutter_inappwebview_ios at C:\Users\ricky\AppData\Local\Pub\Cache\hosted\pub.dev\flutter_inappwebview_ios-1.1.2\
[   +1 ms] Found plugin flutter_inappwebview_android at C:\Users\ricky\AppData\Local\Pub\Cache\hosted\pub.dev\flutter_inappwebview_android-1.1.3\
[   +1 ms] Found plugin file_picker at C:\Users\ricky\AppData\Local\Pub\Cache\hosted\pub.dev\file_picker-10.3.7\
[   +1 ms] Found plugin flutter_plugin_android_lifecycle at C:\Users\ricky\AppData\Local\Pub\Cache\hosted\pub.dev\flutter_plugin_android_lifecycle-2.0.33\
[  +24 ms] Found plugin desktop_drop at C:\Users\ricky\AppData\Local\Pub\Cache\hosted\pub.dev\desktop_drop-0.7.0\
[  +51 ms] Found plugin url_launcher at C:\Users\ricky\AppData\Local\Pub\Cache\hosted\pub.dev\url_launcher-6.3.2\
[   +1 ms] Found plugin url_launcher_windows at C:\Users\ricky\AppData\Local\Pub\Cache\hosted\pub.dev\url_launcher_windows-3.1.5\
[   +3 ms] Found plugin url_launcher_web at C:\Users\ricky\AppData\Local\Pub\Cache\hosted\pub.dev\url_launcher_web-2.4.1\
[   +2 ms] Found plugin url_launcher_macos at C:\Users\ricky\AppData\Local\Pub\Cache\hosted\pub.dev\url_launcher_macos-3.2.5\
[   +1 ms] Found plugin url_launcher_linux at C:\Users\ricky\AppData\Local\Pub\Cache\hosted\pub.dev\url_launcher_linux-3.2.2\
[   +1 ms] Found plugin url_launcher_ios at C:\Users\ricky\AppData\Local\Pub\Cache\hosted\pub.dev\url_launcher_ios-6.3.6\
[   +1 ms] Found plugin url_launcher_android at C:\Users\ricky\AppData\Local\Pub\Cache\hosted\pub.dev\url_launcher_android-6.3.28\
[   +1 ms] Found plugin printing at C:\Users\ricky\AppData\Local\Pub\Cache\hosted\pub.dev\printing-5.14.2\
[  +16 ms] Found plugin path_provider at C:\Users\ricky\AppData\Local\Pub\Cache\hosted\pub.dev\path_provider-2.1.5\
[   +1 ms] Found plugin path_provider_windows at C:\Users\ricky\AppData\Local\Pub\Cache\hosted\pub.dev\path_provider_windows-2.3.0\
[   +3 ms] Found plugin path_provider_linux at C:\Users\ricky\AppData\Local\Pub\Cache\hosted\pub.dev\path_provider_linux-2.2.1\
[   +1 ms] Found plugin path_provider_foundation at C:\Users\ricky\AppData\Local\Pub\Cache\hosted\pub.dev\path_provider_foundation-2.5.1\
[   +1 ms] Found plugin path_provider_android at C:\Users\ricky\AppData\Local\Pub\Cache\hosted\pub.dev\path_provider_android-2.2.22\
[  +19 ms] Found plugin webview_flutter_wkwebview at C:\Users\ricky\AppData\Local\Pub\Cache\hosted\pub.dev\webview_flutter_wkwebview-3.23.5\
[   +2 ms] Found plugin webview_flutter_android at C:\Users\ricky\AppData\Local\Pub\Cache\hosted\pub.dev\webview_flutter_android-4.10.11\
[   +2 ms] Found plugin webview_flutter at C:\Users\ricky\AppData\Local\Pub\Cache\hosted\pub.dev\webview_flutter-4.13.0\
[  +13 ms] Found plugin just_audio at C:\Users\ricky\AppData\Local\Pub\Cache\hosted\pub.dev\just_audio-0.10.5\
[   +3 ms] Found plugin just_audio_web at C:\Users\ricky\AppData\Local\Pub\Cache\hosted\pub.dev\just_audio_web-0.4.16\
[   +1 ms] Found plugin audio_session at C:\Users\ricky\AppData\Local\Pub\Cache\hosted\pub.dev\audio_session-0.2.2\
[   +2 ms] Found plugin video_player at C:\Users\ricky\AppData\Local\Pub\Cache\hosted\pub.dev\video_player-2.10.1\
[   +1 ms] Found plugin video_player_web at C:\Users\ricky\AppData\Local\Pub\Cache\hosted\pub.dev\video_player_web-2.4.0\
[   +2 ms] Found plugin video_player_avfoundation at C:\Users\ricky\AppData\Local\Pub\Cache\hosted\pub.dev\video_player_avfoundation-2.8.8\
[   +1 ms] Found plugin video_player_android at C:\Users\ricky\AppData\Local\Pub\Cache\hosted\pub.dev\video_player_android-2.8.22\
[   +2 ms] Found plugin wakelock_plus at C:\Users\ricky\AppData\Local\Pub\Cache\hosted\pub.dev\wakelock_plus-1.4.0\
[   +5 ms] Found plugin package_info_plus at C:\Users\ricky\AppData\Local\Pub\Cache\hosted\pub.dev\package_info_plus-9.0.0\
[   +9 ms] Found plugin sqflite at C:\Users\ricky\AppData\Local\Pub\Cache\hosted\pub.dev\sqflite-2.4.2\
[   +5 ms] Found plugin sqflite_darwin at C:\Users\ricky\AppData\Local\Pub\Cache\hosted\pub.dev\sqflite_darwin-2.4.2\
[   +2 ms] Found plugin sqflite_android at C:\Users\ricky\AppData\Local\Pub\Cache\hosted\pub.dev\sqflite_android-2.4.2+2\
[  +11 ms] Found plugin flutter_secure_storage at C:\Users\ricky\AppData\Local\Pub\Cache\hosted\pub.dev\flutter_secure_storage-9.2.4\
[   +1 ms] Found plugin flutter_secure_storage_windows at C:\Users\ricky\AppData\Local\Pub\Cache\hosted\pub.dev\flutter_secure_storage_windows-3.1.2\
[   +3 ms] Found plugin flutter_secure_storage_web at C:\Users\ricky\AppData\Local\Pub\Cache\hosted\pub.dev\flutter_secure_storage_web-1.2.1\
[   +1 ms] Found plugin flutter_secure_storage_macos at C:\Users\ricky\AppData\Local\Pub\Cache\hosted\pub.dev\flutter_secure_storage_macos-3.1.3\
[   +1 ms] Found plugin flutter_secure_storage_linux at C:\Users\ricky\AppData\Local\Pub\Cache\hosted\pub.dev\flutter_secure_storage_linux-1.2.3\
[   +5 ms] Found plugin flutter_inappwebview at C:\Users\ricky\AppData\Local\Pub\Cache\hosted\pub.dev\flutter_inappwebview-6.1.5\
[   +2 ms] Found plugin flutter_inappwebview_windows at C:\Users\ricky\AppData\Local\Pub\Cache\hosted\pub.dev\flutter_inappwebview_windows-0.6.0\
[   +3 ms] Found plugin flutter_inappwebview_web at C:\Users\ricky\AppData\Local\Pub\Cache\hosted\pub.dev\flutter_inappwebview_web-1.1.2\
[   +1 ms] Found plugin flutter_inappwebview_macos at C:\Users\ricky\AppData\Local\Pub\Cache\hosted\pub.dev\flutter_inappwebview_macos-1.1.2\
[        ] Found plugin flutter_inappwebview_ios at C:\Users\ricky\AppData\Local\Pub\Cache\hosted\pub.dev\flutter_inappwebview_ios-1.1.2\
[        ] Found plugin flutter_inappwebview_android at C:\Users\ricky\AppData\Local\Pub\Cache\hosted\pub.dev\flutter_inappwebview_android-1.1.3\
[        ] Found plugin file_picker at C:\Users\ricky\AppData\Local\Pub\Cache\hosted\pub.dev\file_picker-10.3.7\
[   +1 ms] Found plugin flutter_plugin_android_lifecycle at C:\Users\ricky\AppData\Local\Pub\Cache\hosted\pub.dev\flutter_plugin_android_lifecycle-2.0.33\
[  +16 ms] Found plugin desktop_drop at C:\Users\ricky\AppData\Local\Pub\Cache\hosted\pub.dev\desktop_drop-0.7.0\
[  +10 ms] Skipping generating web_plugin_registrant.dart because it is up-to-date.
[  +31 ms] Found plugin url_launcher at C:\Users\ricky\AppData\Local\Pub\Cache\hosted\pub.dev\url_launcher-6.3.2\
[   +1 ms] Found plugin url_launcher_windows at C:\Users\ricky\AppData\Local\Pub\Cache\hosted\pub.dev\url_launcher_windows-3.1.5\
[   +2 ms] Found plugin url_launcher_web at C:\Users\ricky\AppData\Local\Pub\Cache\hosted\pub.dev\url_launcher_web-2.4.1\
[   +1 ms] Found plugin url_launcher_macos at C:\Users\ricky\AppData\Local\Pub\Cache\hosted\pub.dev\url_launcher_macos-3.2.5\
[        ] Found plugin url_launcher_linux at C:\Users\ricky\AppData\Local\Pub\Cache\hosted\pub.dev\url_launcher_linux-3.2.2\
[        ] Found plugin url_launcher_ios at C:\Users\ricky\AppData\Local\Pub\Cache\hosted\pub.dev\url_launcher_ios-6.3.6\
[   +2 ms] Found plugin url_launcher_android at C:\Users\ricky\AppData\Local\Pub\Cache\hosted\pub.dev\url_launcher_android-6.3.28\
[   +2 ms] Found plugin printing at C:\Users\ricky\AppData\Local\Pub\Cache\hosted\pub.dev\printing-5.14.2\
[  +13 ms] Found plugin path_provider at C:\Users\ricky\AppData\Local\Pub\Cache\hosted\pub.dev\path_provider-2.1.5\
[   +1 ms] Found plugin path_provider_windows at C:\Users\ricky\AppData\Local\Pub\Cache\hosted\pub.dev\path_provider_windows-2.3.0\
[   +1 ms] Found plugin path_provider_linux at C:\Users\ricky\AppData\Local\Pub\Cache\hosted\pub.dev\path_provider_linux-2.2.1\
[   +1 ms] Found plugin path_provider_foundation at C:\Users\ricky\AppData\Local\Pub\Cache\hosted\pub.dev\path_provider_foundation-2.5.1\
[   +1 ms] Found plugin path_provider_android at C:\Users\ricky\AppData\Local\Pub\Cache\hosted\pub.dev\path_provider_android-2.2.22\
[  +12 ms] Found plugin webview_flutter_wkwebview at C:\Users\ricky\AppData\Local\Pub\Cache\hosted\pub.dev\webview_flutter_wkwebview-3.23.5\
[   +1 ms] Found plugin webview_flutter_android at C:\Users\ricky\AppData\Local\Pub\Cache\hosted\pub.dev\webview_flutter_android-4.10.11\
[        ] Found plugin webview_flutter at C:\Users\ricky\AppData\Local\Pub\Cache\hosted\pub.dev\webview_flutter-4.13.0\
[   +9 ms] Found plugin just_audio at C:\Users\ricky\AppData\Local\Pub\Cache\hosted\pub.dev\just_audio-0.10.5\
[   +7 ms] Found plugin just_audio_web at C:\Users\ricky\AppData\Local\Pub\Cache\hosted\pub.dev\just_audio_web-0.4.16\
[   +4 ms] Found plugin audio_session at C:\Users\ricky\AppData\Local\Pub\Cache\hosted\pub.dev\audio_session-0.2.2\
[   +4 ms] Found plugin video_player at C:\Users\ricky\AppData\Local\Pub\Cache\hosted\pub.dev\video_player-2.10.1\
[   +3 ms] Found plugin video_player_web at C:\Users\ricky\AppData\Local\Pub\Cache\hosted\pub.dev\video_player_web-2.4.0\
[   +5 ms] Found plugin video_player_avfoundation at C:\Users\ricky\AppData\Local\Pub\Cache\hosted\pub.dev\video_player_avfoundation-2.8.8\
[   +2 ms] Found plugin video_player_android at C:\Users\ricky\AppData\Local\Pub\Cache\hosted\pub.dev\video_player_android-2.8.22\
[   +2 ms] Found plugin wakelock_plus at C:\Users\ricky\AppData\Local\Pub\Cache\hosted\pub.dev\wakelock_plus-1.4.0\
[   +8 ms] Found plugin package_info_plus at C:\Users\ricky\AppData\Local\Pub\Cache\hosted\pub.dev\package_info_plus-9.0.0\
[  +13 ms] Found plugin sqflite at C:\Users\ricky\AppData\Local\Pub\Cache\hosted\pub.dev\sqflite-2.4.2\
[   +3 ms] Found plugin sqflite_darwin at C:\Users\ricky\AppData\Local\Pub\Cache\hosted\pub.dev\sqflite_darwin-2.4.2\
[   +1 ms] Found plugin sqflite_android at C:\Users\ricky\AppData\Local\Pub\Cache\hosted\pub.dev\sqflite_android-2.4.2+2\
[   +4 ms] Found plugin flutter_secure_storage at C:\Users\ricky\AppData\Local\Pub\Cache\hosted\pub.dev\flutter_secure_storage-9.2.4\
[   +1 ms] Found plugin flutter_secure_storage_windows at C:\Users\ricky\AppData\Local\Pub\Cache\hosted\pub.dev\flutter_secure_storage_windows-3.1.2\
[   +3 ms] Found plugin flutter_secure_storage_web at C:\Users\ricky\AppData\Local\Pub\Cache\hosted\pub.dev\flutter_secure_storage_web-1.2.1\
[   +1 ms] Found plugin flutter_secure_storage_macos at C:\Users\ricky\AppData\Local\Pub\Cache\hosted\pub.dev\flutter_secure_storage_macos-3.1.3\
[        ] Found plugin flutter_secure_storage_linux at C:\Users\ricky\AppData\Local\Pub\Cache\hosted\pub.dev\flutter_secure_storage_linux-1.2.3\
[   +4 ms] Found plugin flutter_inappwebview at C:\Users\ricky\AppData\Local\Pub\Cache\hosted\pub.dev\flutter_inappwebview-6.1.5\
[   +1 ms] Found plugin flutter_inappwebview_windows at C:\Users\ricky\AppData\Local\Pub\Cache\hosted\pub.dev\flutter_inappwebview_windows-0.6.0\
[   +4 ms] Found plugin flutter_inappwebview_web at C:\Users\ricky\AppData\Local\Pub\Cache\hosted\pub.dev\flutter_inappwebview_web-1.1.2\
[   +1 ms] Found plugin flutter_inappwebview_macos at C:\Users\ricky\AppData\Local\Pub\Cache\hosted\pub.dev\flutter_inappwebview_macos-1.1.2\
[   +1 ms] Found plugin flutter_inappwebview_ios at C:\Users\ricky\AppData\Local\Pub\Cache\hosted\pub.dev\flutter_inappwebview_ios-1.1.2\
[   +1 ms] Found plugin flutter_inappwebview_android at C:\Users\ricky\AppData\Local\Pub\Cache\hosted\pub.dev\flutter_inappwebview_android-1.1.3\
[   +1 ms] Found plugin file_picker at C:\Users\ricky\AppData\Local\Pub\Cache\hosted\pub.dev\file_picker-10.3.7\
[   +1 ms] Found plugin flutter_plugin_android_lifecycle at C:\Users\ricky\AppData\Local\Pub\Cache\hosted\pub.dev\flutter_plugin_android_lifecycle-2.0.33\
[  +11 ms] Found plugin desktop_drop at C:\Users\ricky\AppData\Local\Pub\Cache\hosted\pub.dev\desktop_drop-0.7.0\
[   +6 ms] Generating C:\Users\ricky\Documents\flutter\GitHub\kalmnest\flutter_codelab\android\app\src\main\java\io\flutter\plugins\GeneratedPluginRegistrant.java
[   +3 ms] Skipping generating GeneratedPluginRegistrant.java because it is up-to-date.
[   +5 ms] Skipping generating generated_plugin_registrant.h because it is up-to-date.
[   +2 ms] Skipping generating generated_plugin_registrant.cc because it is up-to-date.
[   +3 ms] Skipping generating generated_plugins.cmake because it is up-to-date.
[   +4 ms] Skipping generating generated_plugin_registrant.h because it is up-to-date.
[   +1 ms] Skipping generating generated_plugin_registrant.cc because it is up-to-date.
[   +1 ms] Skipping generating generated_plugins.cmake because it is up-to-date.
[   +2 ms] Skipping generating GeneratedPluginRegistrant.h because it is up-to-date.
[   +1 ms] Skipping generating GeneratedPluginRegistrant.m because it is up-to-date.
[   +2 ms] Skipping generating GeneratedPluginRegistrant.swift because it is up-to-date.
[ +193 ms] Initializing file store
[   +9 ms] Skipping target: gen_localizations
[   +3 ms] gen_dart_plugin_registrant: Starting due to {InvalidatedReasonKind.inputChanged: The following inputs have updated contents: C:\Users\ricky\Documents\flutter\GitHub\kalmnest\flutter_codelab\.dart_tool\package_config.json}
[  +51 ms] Found plugin url_launcher at C:\Users\ricky\AppData\Local\Pub\Cache\hosted\pub.dev\url_launcher-6.3.2\
[        ] Found plugin url_launcher_windows at C:\Users\ricky\AppData\Local\Pub\Cache\hosted\pub.dev\url_launcher_windows-3.1.5\
[   +2 ms] Found plugin url_launcher_web at C:\Users\ricky\AppData\Local\Pub\Cache\hosted\pub.dev\url_launcher_web-2.4.1\
[   +1 ms] Found plugin url_launcher_macos at C:\Users\ricky\AppData\Local\Pub\Cache\hosted\pub.dev\url_launcher_macos-3.2.5\
[   +1 ms] Found plugin url_launcher_linux at C:\Users\ricky\AppData\Local\Pub\Cache\hosted\pub.dev\url_launcher_linux-3.2.2\
[   +7 ms] Found plugin url_launcher_ios at C:\Users\ricky\AppData\Local\Pub\Cache\hosted\pub.dev\url_launcher_ios-6.3.6\
[   +1 ms] Found plugin url_launcher_android at C:\Users\ricky\AppData\Local\Pub\Cache\hosted\pub.dev\url_launcher_android-6.3.28\
[   +1 ms] Found plugin printing at C:\Users\ricky\AppData\Local\Pub\Cache\hosted\pub.dev\printing-5.14.2\
[  +13 ms] Found plugin path_provider at C:\Users\ricky\AppData\Local\Pub\Cache\hosted\pub.dev\path_provider-2.1.5\
[   +6 ms] Found plugin path_provider_windows at C:\Users\ricky\AppData\Local\Pub\Cache\hosted\pub.dev\path_provider_windows-2.3.0\
[   +6 ms] Found plugin path_provider_linux at C:\Users\ricky\AppData\Local\Pub\Cache\hosted\pub.dev\path_provider_linux-2.2.1\
[   +3 ms] Found plugin path_provider_foundation at C:\Users\ricky\AppData\Local\Pub\Cache\hosted\pub.dev\path_provider_foundation-2.5.1\
[   +1 ms] Found plugin path_provider_android at C:\Users\ricky\AppData\Local\Pub\Cache\hosted\pub.dev\path_provider_android-2.2.22\
[  +14 ms] Found plugin webview_flutter_wkwebview at C:\Users\ricky\AppData\Local\Pub\Cache\hosted\pub.dev\webview_flutter_wkwebview-3.23.5\
[   +1 ms] Found plugin webview_flutter_android at C:\Users\ricky\AppData\Local\Pub\Cache\hosted\pub.dev\webview_flutter_android-4.10.11\
[   +1 ms] Found plugin webview_flutter at C:\Users\ricky\AppData\Local\Pub\Cache\hosted\pub.dev\webview_flutter-4.13.0\
[   +7 ms] Found plugin just_audio at C:\Users\ricky\AppData\Local\Pub\Cache\hosted\pub.dev\just_audio-0.10.5\
[   +4 ms] Found plugin just_audio_web at C:\Users\ricky\AppData\Local\Pub\Cache\hosted\pub.dev\just_audio_web-0.4.16\
[   +1 ms] Found plugin audio_session at C:\Users\ricky\AppData\Local\Pub\Cache\hosted\pub.dev\audio_session-0.2.2\
[   +1 ms] Found plugin video_player at C:\Users\ricky\AppData\Local\Pub\Cache\hosted\pub.dev\video_player-2.10.1\
[        ] Found plugin video_player_web at C:\Users\ricky\AppData\Local\Pub\Cache\hosted\pub.dev\video_player_web-2.4.0\
[   +1 ms] Found plugin video_player_avfoundation at C:\Users\ricky\AppData\Local\Pub\Cache\hosted\pub.dev\video_player_avfoundation-2.8.8\
[        ] Found plugin video_player_android at C:\Users\ricky\AppData\Local\Pub\Cache\hosted\pub.dev\video_player_android-2.8.22\
[   +1 ms] Found plugin wakelock_plus at C:\Users\ricky\AppData\Local\Pub\Cache\hosted\pub.dev\wakelock_plus-1.4.0\
[   +2 ms] Found plugin package_info_plus at C:\Users\ricky\AppData\Local\Pub\Cache\hosted\pub.dev\package_info_plus-9.0.0\
[   +5 ms] Found plugin sqflite at C:\Users\ricky\AppData\Local\Pub\Cache\hosted\pub.dev\sqflite-2.4.2\
[   +2 ms] Found plugin sqflite_darwin at C:\Users\ricky\AppData\Local\Pub\Cache\hosted\pub.dev\sqflite_darwin-2.4.2\
[        ] Found plugin sqflite_android at C:\Users\ricky\AppData\Local\Pub\Cache\hosted\pub.dev\sqflite_android-2.4.2+2\
[   +3 ms] Found plugin flutter_secure_storage at C:\Users\ricky\AppData\Local\Pub\Cache\hosted\pub.dev\flutter_secure_storage-9.2.4\
[        ] Found plugin flutter_secure_storage_windows at C:\Users\ricky\AppData\Local\Pub\Cache\hosted\pub.dev\flutter_secure_storage_windows-3.1.2\
[   +1 ms] Found plugin flutter_secure_storage_web at C:\Users\ricky\AppData\Local\Pub\Cache\hosted\pub.dev\flutter_secure_storage_web-1.2.1\
[   +1 ms] Found plugin flutter_secure_storage_macos at C:\Users\ricky\AppData\Local\Pub\Cache\hosted\pub.dev\flutter_secure_storage_macos-3.1.3\
[        ] Found plugin flutter_secure_storage_linux at C:\Users\ricky\AppData\Local\Pub\Cache\hosted\pub.dev\flutter_secure_storage_linux-1.2.3\
[   +3 ms] Found plugin flutter_inappwebview at C:\Users\ricky\AppData\Local\Pub\Cache\hosted\pub.dev\flutter_inappwebview-6.1.5\
[        ] Found plugin flutter_inappwebview_windows at C:\Users\ricky\AppData\Local\Pub\Cache\hosted\pub.dev\flutter_inappwebview_windows-0.6.0\
[   +3 ms] Found plugin flutter_inappwebview_web at C:\Users\ricky\AppData\Local\Pub\Cache\hosted\pub.dev\flutter_inappwebview_web-1.1.2\
[        ] Found plugin flutter_inappwebview_macos at C:\Users\ricky\AppData\Local\Pub\Cache\hosted\pub.dev\flutter_inappwebview_macos-1.1.2\
[        ] Found plugin flutter_inappwebview_ios at C:\Users\ricky\AppData\Local\Pub\Cache\hosted\pub.dev\flutter_inappwebview_ios-1.1.2\
[        ] Found plugin flutter_inappwebview_android at C:\Users\ricky\AppData\Local\Pub\Cache\hosted\pub.dev\flutter_inappwebview_android-1.1.3\
[        ] Found plugin file_picker at C:\Users\ricky\AppData\Local\Pub\Cache\hosted\pub.dev\file_picker-10.3.7\
[   +1 ms] Found plugin flutter_plugin_android_lifecycle at C:\Users\ricky\AppData\Local\Pub\Cache\hosted\pub.dev\flutter_plugin_android_lifecycle-2.0.33\
[   +9 ms] Found plugin desktop_drop at C:\Users\ricky\AppData\Local\Pub\Cache\hosted\pub.dev\desktop_drop-0.7.0\
[  +10 ms] gen_dart_plugin_registrant: Complete
[   +2 ms] _composite: Starting due to {}
[        ] _composite: Complete
[   +2 ms] complete
[   +3 ms] Launching lib\main.dart on Windows in debug mode...
[   +2 ms] C:\Flutter\bin\cache\dart-sdk\bin\dartaotruntime.exe C:\Flutter\bin\cache\dart-sdk\bin\snapshots\frontend_server_aot.dart.snapshot --sdk-root C:\Flutter\bin\cache\artifacts\engine\common\flutter_patched_sdk/ --incremental --target=flutter --experimental-emit-debug-metadata -DFLUTTER_VERSION=3.35.7 -DFLUTTER_CHANNEL=stable -DFLUTTER_GIT_URL=https://github.com/flutter/flutter.git -DFLUTTER_FRAMEWORK_REVISION=adc9010625 -DFLUTTER_ENGINE_REVISION=035316565a -DFLUTTER_DART_VERSION=3.9.2 --output-dill C:\Users\ricky\AppData\Local\Temp\flutter_tools.dfe46c7a\flutter_tool.87bb8fb1\app.dill --packages C:\Users\ricky\Documents\flutter\GitHub\kalmnest\flutter_codelab\.dart_tool\package_config.json -Ddart.vm.profile=false -Ddart.vm.product=false --enable-asserts --track-widget-creation --filesystem-scheme org-dartlang-root --initialize-from-dill build\892b637c16d52470fb7b14b9d9897587.cache.dill.track.dill --source file:///C:/Users/ricky/Documents/flutter/GitHub/kalmnest/flutter_codelab/.dart_tool/flutter_build/dart_plugin_registrant.dart --source package:flutter/src/dart_plugin_registrant.dart -Dflutter.dart_plugin_registrant=file:///C:/Users/ricky/Documents/flutter/GitHub/kalmnest/flutter_codelab/.dart_tool/flutter_build/dart_plugin_registrant.dart --verbosity=error --enable-experiment=alternative-invalidation-strategy
[  +19 ms] executing: C:\Program Files (x86)\Microsoft Visual Studio\Installer\vswhere.exe -format json -products * -utf8 -latest -version 16 -requires Microsoft.VisualStudio.Workload.NativeDesktop Microsoft.VisualStudio.Component.VC.Tools.x86.x64 Microsoft.VisualStudio.Component.VC.CMake.Project
[  +46 ms] Exit code 0 from: C:\Program Files (x86)\Microsoft Visual Studio\Installer\vswhere.exe -format json -products * -utf8 -latest -version 16 -requires Microsoft.VisualStudio.Workload.NativeDesktop Microsoft.VisualStudio.Component.VC.Tools.x86.x64 Microsoft.VisualStudio.Component.VC.CMake.Project
[        ] [
             {
               "instanceId": "12dd19d9",
               "installDate": "2024-07-01T06:42:07Z",
               "installationName": "VisualStudio/16.11.46+35931.194",
               "installationPath": "C:\\Program Files (x86)\\Microsoft Visual Studio\\2019\\Community",
               "installationVersion": "16.11.35931.194",
               "productId": "Microsoft.VisualStudio.Product.Community",
               "productPath": "C:\\Program Files (x86)\\Microsoft Visual Studio\\2019\\Community\\Common7\\IDE\\devenv.exe",
               "state": 4294967295,
               "isComplete": true,
               "isLaunchable": true,
               "isPrerelease": false,
               "isRebootRequired": false,
               "displayName": "Visual Studio Community 2019",
               "description": "Powerful IDE, free for students, open-source contributors, and individuals",
               "channelId": "VisualStudio.16.Release",
               "channelUri": "https://aka.ms/vs/16/release/channel",
               "enginePath": "C:\\Program Files (x86)\\Microsoft Visual Studio\\Installer\\resources\\app\\ServiceHub\\Services\\Microsoft.VisualStudio.Setup.Service",
               "installedChannelId": "VisualStudio.16.Release",
               "installedChannelUri": "https://aka.ms/vs/16/release/channel",
               "releaseNotes": "https://docs.microsoft.com/en-us/visualstudio/releases/2019/release-notes-v16.11#16.11.46",
               "resolvedInstallationPath": "C:\\Program Files (x86)\\Microsoft Visual Studio\\2019\\Community",
               "thirdPartyNotices": "https://go.microsoft.com/fwlink/?LinkId=660909",
               "updateDate": "2025-04-19T02:27:11.8535669Z",
               "catalog": {
                 "buildBranch": "d16.11",
                 "buildVersion": "16.11.35931.194",
                 "id": "VisualStudio/16.11.46+35931.194",
                 "localBuild": "build-lab",
                 "manifestName": "VisualStudio",
                 "manifestType": "installer",
                 "productDisplayVersion": "16.11.46",
                 "productLine": "Dev16",
                 "productLineVersion": "2019",
                 "productMilestone": "RTW",
                 "productMilestoneIsPreRelease": "False",
                 "productName": "Visual Studio",
                 "productPatchVersion": "46",
                 "productPreReleaseMilestoneSuffix": "1.0",
                 "productSemanticVersion": "16.11.46+35931.194",
                 "requiredEngineVersion": "2.11.72.18200"
               },
               "properties": {
                 "campaignId": "3401:bc8e74dacce240d1953e7488e789f250",
                 "channelManifestId": "VisualStudio.16.Release/16.11.46+35931.194",
                 "includeRecommended": "0",
                 "nickname": "",
                 "setupEngineFilePath": "C:\\Program Files (x86)\\Microsoft Visual Studio\\Installer\\setup.exe"
               }
             }
           ]
[   +3 ms] Building Windows application...
[   +6 ms] <- compile package:flutter_codelab/main.dart
[   +1 ms] executing: C:\Program Files (x86)\Microsoft Visual Studio\2019\Community\Common7\IDE\CommonExtensions\Microsoft\CMake\CMake\bin\cmake.exe -S C:\Users\ricky\Documents\flutter\GitHub\kalmnest\flutter_codelab\windows -B C:\Users\ricky\Documents\flutter\GitHub\kalmnest\flutter_codelab\build\windows\x64 -G Visual Studio 16 2019 -A x64 -DFLUTTER_TARGET_PLATFORM=windows-x64
[  +48 ms] -- Selecting Windows SDK version 10.0.19041.0 to target Windows 10.0.26200.
[  +24 ms] Error: Couldn't resolve the package 'flutter_localizations' in 'package:flutter_localizations/flutter_localizations.dart'.
[ +163 ms] lib/l10n/generated/app_localizations.dart:5:8: Error: Not found: 'package:flutter_localizations/flutter_localizations.dart'
[        ] import 'package:flutter_localizations/flutter_localizations.dart';
[        ]        ^
[ +850 ms] lib/student/widgets/class/student_quiz_list_section.dart:243:35: Error: Can't find ')' to match '('.
[        ]                     return Padding(
[        ]                                   ^
[ +424 ms] -- The CXX compiler identification is MSVC 19.29.30159.0
[  +73 ms] -- Detecting CXX compiler ABI info
[ +725 ms] -- Detecting CXX compiler ABI info - done
[   +2 ms] -- Check for working CXX compiler: C:/Program Files (x86)/Microsoft Visual Studio/2019/Community/VC/Tools/MSVC/14.29.30133/bin/Hostx64/x64/cl.exe - skipped
[   +1 ms] -- Detecting CXX compile features
[   +1 ms] -- Detecting CXX compile features - done
[  +26 ms] -- Building with D3D texture support.
[   +8 ms] -- Downloading/updating pdfium
[  +39 ms] -- Selecting Windows SDK version 10.0.19041.0 to target Windows 10.0.26200.
[ +508 ms] -- Configuring done
[  +48 ms] -- Generating done
[   +2 ms] -- Build files have been written to: C:/Users/ricky/Documents/flutter/GitHub/kalmnest/flutter_codelab/build/windows/x64/pdfium-download
[ +130 ms] Microsoft (R) Build Engine version 16.11.2+f32259642 for .NET Framework
[        ] Copyright (C) Microsoft Corporation. All rights reserved.
[ +444 ms]   Checking Build System
[ +120 ms] lib/l10n/generated/app_localizations.dart:90:9: Error: Undefined name 'GlobalMaterialLocalizations'.
[        ]         GlobalMaterialLocalizations.delegate,
[        ]         ^^^^^^^^^^^^^^^^^^^^^^^^^^^
[        ] lib/l10n/generated/app_localizations.dart:91:9: Error: Undefined name 'GlobalCupertinoLocalizations'.
[        ]         GlobalCupertinoLocalizations.delegate,
[        ]         ^^^^^^^^^^^^^^^^^^^^^^^^^^^^
[        ] lib/l10n/generated/app_localizations.dart:92:9: Error: Undefined name 'GlobalWidgetsLocalizations'.
[        ]         GlobalWidgetsLocalizations.delegate,
[        ]         ^^^^^^^^^^^^^^^^^^^^^^^^^^
[  +80 ms]   Creating directories for 'pdfium-download'
[ +191 ms]   Performing download step (download, verify and extract) for 'pdfium-download'
[  +24 ms]   -- Downloading...
[        ]      dst='C:/Users/ricky/Documents/flutter/GitHub/kalmnest/flutter_codelab/build/windows/x64/pdfium-download/pdfium-download-prefix/src/pdfium-win-x64.tgz'
[        ]      timeout='none'
[        ]      inactivity timeout='none'
[        ]   -- Using src='https://github.com/bblanchon/pdfium-binaries/releases/download/chromium/5200/pdfium-win-x64.tgz'
[ +551 ms] lib/admin_teacher/widgets/disappearing_navigation_rail.dart:59:24: Error: The getter 'onMenuPressed' isn't defined for the type 'DisappearingNavigationRail'.
[        ]  - 'DisappearingNavigationRail' is from 'package:flutter_codelab/admin_teacher/widgets/disappearing_navigation_rail.dart' ('lib/admin_teacher/widgets/disappearing_navigation_rail.dart').
[        ] Try correcting the name to the name of an existing getter, or defining a getter or field named 'onMenuPressed'.
[        ]             onPressed: onMenuPressed,
[        ]                        ^^^^^^^^^^^^^
[  +82 ms]   -- [download 0% complete]
[  +13 ms]   -- [download 2% complete]
[  +17 ms]   -- [download 4% complete]
[  +23 ms]   -- [download 5% complete]
[  +10 ms]   -- [download 6% complete]
[  +12 ms]   -- [download 7% complete]
[  +52 ms]   -- [download 8% complete]
[  +24 ms]   -- [download 9% complete]
[  +52 ms]   -- [download 10% complete]
[  +25 ms]   -- [download 11% complete]
[  +39 ms]   -- [download 12% complete]
[  +30 ms]   -- [download 13% complete]
[  +22 ms]   -- [download 14% complete]
[  +46 ms]   -- [download 15% complete]
[  +21 ms]   -- [download 16% complete]
[  +77 ms]   -- [download 17% complete]
[  +50 ms]   -- [download 18% complete]
[  +44 ms]   -- [download 19% complete]
[  +63 ms]   -- [download 20% complete]
[  +28 ms]   -- [download 21% complete]
[  +41 ms]   -- [download 22% complete]
[  +28 ms]   -- [download 23% complete]
[  +31 ms]   -- [download 24% complete]
[  +40 ms]   -- [download 25% complete]
[   +1 ms]   -- [download 26% complete]
[  +44 ms]   -- [download 27% complete]
[  +33 ms]   -- [download 28% complete]
[  +43 ms]   -- [download 29% complete]
[  +60 ms]   -- [download 30% complete]
[  +16 ms]   -- [download 31% complete]
[  +38 ms]   -- [download 32% complete]
[  +18 ms]   -- [download 33% complete]
[  +27 ms]   -- [download 34% complete]
[  +29 ms]   -- [download 35% complete]
[  +26 ms]   -- [download 36% complete]
[  +42 ms]   -- [download 37% complete]
[  +25 ms]   -- [download 38% complete]
[  +48 ms]   -- [download 39% complete]
[  +71 ms]   -- [download 40% complete]
[  +25 ms]   -- [download 41% complete]
[  +24 ms] lib/admin_teacher/widgets/user/edit_user_dialog.dart:503:48: Error: Required named parameter 'onChanged' must be provided.
[        ]                 DropdownButtonFormField<String>(
[        ]                                                ^
[        ] /C:/Flutter/packages/flutter/lib/src/material/dropdown.dart:1753:3: Context: Found this candidate, but the arguments don't match.
[        ]   DropdownButtonFormField({
[        ]   ^^^^^^^^^^^^^^^^^^^^^^^
[   +9 ms] lib/admin_teacher/widgets/class/teacher_class_list_section.dart:72:24: Error: The getter '_isHovered' isn't defined for the type '_ClassListItemState'.
[        ]  - '_ClassListItemState' is from 'package:flutter_codelab/admin_teacher/widgets/class/teacher_class_list_section.dart' ('lib/admin_teacher/widgets/class/teacher_class_list_section.dart').
[        ] Try correcting the name to the name of an existing getter, or defining a getter or field named '_isHovered'.
[        ]                 color: _isHovered
[        ]                        ^^^^^^^^^^
[        ] lib/admin_teacher/widgets/class/teacher_class_list_section.dart:77:26: Error: The getter '_isHovered' isn't defined for the type '_ClassListItemState'.
[        ]  - '_ClassListItemState' is from 'package:flutter_codelab/admin_teacher/widgets/class/teacher_class_list_section.dart' ('lib/admin_teacher/widgets/class/teacher_class_list_section.dart').
[        ] Try correcting the name to the name of an existing getter, or defining a getter or field named '_isHovered'.
[        ]                   color: _isHovered
[        ]                          ^^^^^^^^^^
[        ] lib/admin_teacher/widgets/class/teacher_class_list_section.dart:63:42: Error: The setter '_isHovered' isn't defined for the type '_ClassListItemState'.
[        ]  - '_ClassListItemState' is from 'package:flutter_codelab/admin_teacher/widgets/class/teacher_class_list_section.dart' ('lib/admin_teacher/widgets/class/teacher_class_list_section.dart').
[        ] Try correcting the name to the name of an existing setter, or defining a setter or field named '_isHovered'.
[        ]           onEnter: (_) => setState(() => _isHovered = true),
[        ]                                          ^^^^^^^^^^
[        ] lib/admin_teacher/widgets/class/teacher_class_list_section.dart:64:41: Error: The setter '_isHovered' isn't defined for the type '_ClassListItemState'.
[        ]  - '_ClassListItemState' is from 'package:flutter_codelab/admin_teacher/widgets/class/teacher_class_list_section.dart' ('lib/admin_teacher/widgets/class/teacher_class_list_section.dart').
[        ] Try correcting the name to the name of an existing setter, or defining a setter or field named '_isHovered'.
[        ]           onExit: (_) => setState(() => _isHovered = false),
[        ]                                         ^^^^^^^^^^
[   +4 ms] lib/student/widgets/class/student_class_list_section.dart:68:24: Error: The getter '_isHovered' isn't defined for the type '_ClassListItemState'.
[        ]  - '_ClassListItemState' is from 'package:flutter_codelab/student/widgets/class/student_class_list_section.dart' ('lib/student/widgets/class/student_class_list_section.dart').
[        ] Try correcting the name to the name of an existing getter, or defining a getter or field named '_isHovered'.
[        ]                 color: _isHovered
[        ]                        ^^^^^^^^^^
[        ] lib/student/widgets/class/student_class_list_section.dart:73:26: Error: The getter '_isHovered' isn't defined for the type '_ClassListItemState'.
[        ]  - '_ClassListItemState' is from 'package:flutter_codelab/student/widgets/class/student_class_list_section.dart' ('lib/student/widgets/class/student_class_list_section.dart').
[        ] Try correcting the name to the name of an existing getter, or defining a getter or field named '_isHovered'.
[        ]                   color: _isHovered
[        ]                          ^^^^^^^^^^
[        ] lib/student/widgets/class/student_class_list_section.dart:58:42: Error: The setter '_isHovered' isn't defined for the type '_ClassListItemState'.
[        ]  - '_ClassListItemState' is from 'package:flutter_codelab/student/widgets/class/student_class_list_section.dart' ('lib/student/widgets/class/student_class_list_section.dart').
[        ] Try correcting the name to the name of an existing setter, or defining a setter or field named '_isHovered'.
[        ]           onEnter: (_) => setState(() => _isHovered = true),
[        ]                                          ^^^^^^^^^^
[        ] lib/student/widgets/class/student_class_list_section.dart:59:41: Error: The setter '_isHovered' isn't defined for the type '_ClassListItemState'.
[        ]  - '_ClassListItemState' is from 'package:flutter_codelab/student/widgets/class/student_class_list_section.dart' ('lib/student/widgets/class/student_class_list_section.dart').
[        ] Try correcting the name to the name of an existing setter, or defining a setter or field named '_isHovered'.
[        ]           onExit: (_) => setState(() => _isHovered = false),
[        ]                                         ^^^^^^^^^^
[        ]   -- [download 42% complete]
[  +12 ms] lib/student/widgets/feedback/student_view_feedback_page.dart:65:13: Error: No named parameter with the name 'topic'.
[        ]             topic: fb['topic'] ?? '',
[        ]             ^^^^^
[        ] lib/models/feedback.dart:13:3: Context: Found this candidate, but the arguments don't match.
[        ]   FeedbackData({
[        ]   ^^^^^^^^^^^^
[        ] lib/student/widgets/feedback/student_view_feedback_page.dart:80:11: Error: The getter 'AppLocalizations' isn't defined for the type '_StudentViewFeedbackPageState'.
[        ]  - '_StudentViewFeedbackPageState' is from 'package:flutter_codelab/student/widgets/feedback/student_view_feedback_page.dart' ('lib/student/widgets/feedback/student_view_feedback_page.dart').
[        ] Try correcting the name to the name of an existing getter, or defining a getter or field named 'AppLocalizations'.
[        ]           AppLocalizations.of(context)!.failedToLoadFeedback(e.toString()),
[        ]           ^^^^^^^^^^^^^^^^
[        ] lib/student/widgets/feedback/student_view_feedback_page.dart:106:21: Error: The getter 'AppLocalizations' isn't defined for the type '_StudentViewFeedbackPageState'.
[        ]  - '_StudentViewFeedbackPageState' is from 'package:flutter_codelab/student/widgets/feedback/student_view_feedback_page.dart' ('lib/student/widgets/feedback/student_view_feedback_page.dart').
[        ] Try correcting the name to the name of an existing getter, or defining a getter or field named 'AppLocalizations'.
[        ]         title: Text(AppLocalizations.of(context)!.myFeedback),
[        ]                     ^^^^^^^^^^^^^^^^
[   +4 ms] lib/student/widgets/feedback/student_view_feedback_page.dart:174:50: Error: The getter 'topic' isn't defined for the type 'FeedbackData'.
[        ]  - 'FeedbackData' is from 'package:flutter_codelab/models/feedback.dart' ('lib/models/feedback.dart').
[        ] Try correcting the name to the name of an existing getter, or defining a getter or field named 'topic'.
[        ]                                         feedback.topic,
[        ]                                                  ^^^^^
[  +12 ms]   -- [download 43% complete]
[  +31 ms]   -- [download 44% complete]
[  +63 ms]   -- [download 46% complete]
[  +54 ms]   -- [download 47% complete]
[  +16 ms]   -- [download 48% complete]
[  +64 ms]   -- [download 49% complete]
[  +72 ms]   -- [download 50% complete]
[  +48 ms]   -- [download 51% complete]
[  +20 ms]   -- [download 52% complete]
[  +34 ms]   -- [download 53% complete]
[  +14 ms]   -- [download 54% complete]
[  +28 ms]   -- [download 55% complete]
[  +26 ms]   -- [download 56% complete]
[  +10 ms]   -- [download 57% complete]
[  +23 ms]   -- [download 58% complete]
[  +11 ms]   -- [download 59% complete]
[  +25 ms]   -- [download 60% complete]
[  +20 ms]   -- [download 61% complete]
[  +11 ms]   -- [download 62% complete]
[  +25 ms]   -- [download 63% complete]
[  +13 ms]   -- [download 64% complete]
[  +36 ms]   -- [download 65% complete]
[  +34 ms]   -- [download 66% complete]
[  +16 ms]   -- [download 67% complete]
[  +34 ms]   -- [download 68% complete]
[  +25 ms]   -- [download 69% complete]
[  +40 ms]   -- [download 70% complete]
[  +52 ms]   -- [download 71% complete]
[  +22 ms]   -- [download 72% complete]
[  +36 ms]   -- [download 73% complete]
[  +31 ms]   -- [download 74% complete]
[  +18 ms]   -- [download 75% complete]
[  +25 ms]   -- [download 76% complete]
[  +33 ms]   -- [download 77% complete]
[  +21 ms]   -- [download 78% complete]
[  +37 ms]   -- [download 79% complete]
[  +13 ms]   -- [download 80% complete]
[  +32 ms]   -- [download 81% complete]
[  +16 ms]   -- [download 82% complete]
[  +31 ms]   -- [download 83% complete]
[  +11 ms]   -- [download 84% complete]
[  +30 ms]   -- [download 85% complete]
[   +5 ms]   -- [download 86% complete]
[  +25 ms]   -- [download 87% complete]
[  +25 ms]   -- [download 88% complete]
[  +14 ms]   -- [download 89% complete]
[  +28 ms]   -- [download 90% complete]
[  +39 ms]   -- [download 91% complete]
[  +12 ms]   -- [download 92% complete]
[  +49 ms]   -- [download 93% complete]
[  +32 ms]   -- [download 94% complete]
[  +43 ms]   -- [download 95% complete]
[  +37 ms]   -- [download 96% complete]
[  +12 ms]   -- [download 97% complete]
[  +38 ms]   -- [download 98% complete]
[  +16 ms]   -- [download 99% complete]
[  +43 ms]   -- [download 100% complete]
[   +1 ms]   -- Downloading... done
[  +43 ms]   -- extracting...
[        ]        src='C:/Users/ricky/Documents/flutter/GitHub/kalmnest/flutter_codelab/build/windows/x64/pdfium-download/pdfium-download-prefix/src/pdfium-win-x64.tgz'
[        ]        dst='C:/Users/ricky/Documents/flutter/GitHub/kalmnest/flutter_codelab/build/windows/x64/pdfium-src'
[   +1 ms]   -- extracting... [tar xfz]
[ +168 ms]   -- extracting... [analysis]
[        ]   -- extracting... [rename]
[   +2 ms]   -- extracting... [clean up]
[        ]   -- extracting... done
[  +25 ms]   No update step for 'pdfium-download'
[  +44 ms]   No patch step for 'pdfium-download'
[  +51 ms]   No configure step for 'pdfium-download'
[  +47 ms]   No build step for 'pdfium-download'
[  +41 ms]   No install step for 'pdfium-download'
[  +42 ms]   No test step for 'pdfium-download'
[  +41 ms]   Completed 'pdfium-download'
[ +112 ms]   Building Custom Rule C:/Users/ricky/Documents/flutter/GitHub/kalmnest/flutter_codelab/build/windows/x64/pdfium-download/CMakeLists.txt
[  +92 ms]   Building Custom Rule C:/Users/ricky/Documents/flutter/GitHub/kalmnest/flutter_codelab/build/windows/x64/pdfium-download/CMakeLists.txt
[  +86 ms] -- Found PDFium: C:/Users/ricky/Documents/flutter/GitHub/kalmnest/flutter_codelab/build/windows/x64/pdfium-src/bin/pdfium.dll (found version "106.0.5200.0") 
[   +4 ms] -- Configuring done
[ +264 ms] -- Generating done
[  +15 ms] -- Build files have been written to: C:/Users/ricky/Documents/flutter/GitHub/kalmnest/flutter_codelab/build/windows/x64
[  +26 ms] executing: C:\Program Files (x86)\Microsoft Visual Studio\2019\Community\Common7\IDE\CommonExtensions\Microsoft\CMake\CMake\bin\cmake.exe --build C:\Users\ricky\Documents\flutter\GitHub\kalmnest\flutter_codelab\build\windows\x64 --config Debug --target INSTALL --verbose
[ +160 ms] Microsoft (R) Build Engine version 16.11.2+f32259642 for .NET Framework
[        ] Copyright (C) Microsoft Corporation. All rights reserved.
[  +47 ms] Build started 12/30/2025 5:38:10 PM.
[ +211 ms] Project "C:\Users\ricky\Documents\flutter\GitHub\kalmnest\flutter_codelab\build\windows\x64\INSTALL.vcxproj" on node 1 (default targets).
[        ] Project "C:\Users\ricky\Documents\flutter\GitHub\kalmnest\flutter_codelab\build\windows\x64\INSTALL.vcxproj" (1) is building "C:\Users\ricky\Documents\flutter\GitHub\kalmnest\flutter_codelab\build\windows\x64\ZERO_CHECK.vcxproj" (2) on node 1 (default targets).
[        ] PrepareForBuild:
[        ]   Creating directory "x64\Debug\ZERO_CHECK\".
[   +7 ms]   Creating directory "x64\Debug\ZERO_CHECK\ZERO_CHECK.tlog\".
[   +4 ms] InitializeBuildStatus:
[        ]   Creating "x64\Debug\ZERO_CHECK\ZERO_CHECK.tlog\unsuccessfulbuild" because "AlwaysCreate" was specified.
[  +88 ms] CustomBuild:
[        ]   Checking Build System
[  +80 ms] FinalizeBuildStatus:
[        ]   Deleting file "x64\Debug\ZERO_CHECK\ZERO_CHECK.tlog\unsuccessfulbuild".
[        ]   Touching "x64\Debug\ZERO_CHECK\ZERO_CHECK.tlog\ZERO_CHECK.lastbuildstate".
[   +1 ms] Done Building Project "C:\Users\ricky\Documents\flutter\GitHub\kalmnest\flutter_codelab\build\windows\x64\ZERO_CHECK.vcxproj" (default targets).
[  +81 ms] Project "C:\Users\ricky\Documents\flutter\GitHub\kalmnest\flutter_codelab\build\windows\x64\INSTALL.vcxproj" (1) is building "C:\Users\ricky\Documents\flutter\GitHub\kalmnest\flutter_codelab\build\windows\x64\ALL_BUILD.vcxproj" (3) on node 1 (default targets).
[        ] Project "C:\Users\ricky\Documents\flutter\GitHub\kalmnest\flutter_codelab\build\windows\x64\ALL_BUILD.vcxproj" (3) is building "C:\Users\ricky\Documents\flutter\GitHub\kalmnest\flutter_codelab\build\windows\x64\plugins\flutter_inappwebview_windows\flutter_inappwebview_windows_DEPENDENCIES_DOWNLOAD.vcxproj" (4) on node 1 (default targets).
[        ] PrepareForBuild:
[        ]   Creating directory "x64\Debug\flutter_inappwebview_windows_DEPENDENCIES_DOWNLOAD\".
[   +2 ms]   Creating directory "x64\Debug\flutter_inappwebview_windows_DEPENDENCIES_DOWNLOAD\flutter_.6D159C75.tlog\".
[   +2 ms] InitializeBuildStatus:
[        ]   Creating "x64\Debug\flutter_inappwebview_windows_DEPENDENCIES_DOWNLOAD\flutter_.6D159C75.tlog\unsuccessfulbuild" because "AlwaysCreate" was specified.
[   +8 ms] PreBuildEvent:
[        ]   setlocal
[        ]   C:\Windows\nuget.exe install Microsoft.Windows.ImplementationLibrary -Version 1.0.231216.1 -ExcludeVersion -OutputDirectory C:/Users/ricky/Documents/flutter/GitHub/kalmnest/flutter_codelab/build/windows/x64/packages
[        ]   if %errorlevel% neq 0 goto :cmEnd
[        ]   C:\Windows\nuget.exe install Microsoft.Web.WebView2 -Version 1.0.2792.45 -ExcludeVersion -OutputDirectory C:/Users/ricky/Documents/flutter/GitHub/kalmnest/flutter_codelab/build/windows/x64/packages
[        ]   if %errorlevel% neq 0 goto :cmEnd
[        ]   C:\Windows\nuget.exe install nlohmann.json -Version 3.11.2 -ExcludeVersion -OutputDirectory C:/Users/ricky/Documents/flutter/GitHub/kalmnest/flutter_codelab/build/windows/x64/packages
[        ]   if %errorlevel% neq 0 goto :cmEnd
[        ]   :cmEnd
[        ]   endlocal & call :cmErrorLevel %errorlevel% & goto :cmDone
[        ]   :cmErrorLevel
[        ]   exit /b %1
[        ]   :cmDone
[        ]   if %errorlevel% neq 0 goto :VCEnd
[        ]   :VCEnd
[ +746 ms]   Feeds used:
[        ]     C:\Users\ricky\.nuget\packages\
[        ]     https://api.nuget.org/v3/index.json
[        ]     C:\Program Files (x86)\Microsoft SDKs\NuGetPackages\
[  +77 ms]   Attempting to gather dependency information for package 'Microsoft.Windows.ImplementationLibrary.1.0.231216.1' with respect to project 'C:\Users\ricky\Documents\flutter\GitHub\kalmnest\flutter_codelab\build\windows\x64\packages', targeting 'Any,Version=v0.0'
[ +211 ms]   Gathering dependency information took 198 ms
[  +10 ms]   Attempting to resolve dependencies for package 'Microsoft.Windows.ImplementationLibrary.1.0.231216.1' with DependencyBehavior 'Lowest'
[  +46 ms]   Resolving dependency information took 0 ms
[        ]   Resolving actions to install package 'Microsoft.Windows.ImplementationLibrary.1.0.231216.1'
[   +1 ms]   Resolved actions to install package 'Microsoft.Windows.ImplementationLibrary.1.0.231216.1'
[  +27 ms]   Retrieving package 'Microsoft.Windows.ImplementationLibrary 1.0.231216.1' from 'C:\Users\ricky\.nuget\packages\'.
[  +75 ms]   Adding package 'Microsoft.Windows.ImplementationLibrary.1.0.231216.1' to folder 'C:\Users\ricky\Documents\flutter\GitHub\kalmnest\flutter_codelab\build\windows\x64\packages'
[ +393 ms]   Added package 'Microsoft.Windows.ImplementationLibrary.1.0.231216.1' to folder 'C:\Users\ricky\Documents\flutter\GitHub\kalmnest\flutter_codelab\build\windows\x64\packages'
[   +1 ms]   Successfully installed 'Microsoft.Windows.ImplementationLibrary 1.0.231216.1' to C:\Users\ricky\Documents\flutter\GitHub\kalmnest\flutter_codelab\build\windows\x64\packages
[   +2 ms]   Executing nuget actions took 484 ms
[ +626 ms]   Feeds used:
[        ]     C:\Users\ricky\.nuget\packages\
[        ]     https://api.nuget.org/v3/index.json
[        ]     C:\Program Files (x86)\Microsoft SDKs\NuGetPackages\
[  +93 ms]   Attempting to gather dependency information for package 'Microsoft.Web.WebView2.1.0.2792.45' with respect to project 'C:\Users\ricky\Documents\flutter\GitHub\kalmnest\flutter_codelab\build\windows\x64\packages', targeting 'Any,Version=v0.0'
[ +165 ms]   Gathering dependency information took 156 ms
[   +7 ms]   Attempting to resolve dependencies for package 'Microsoft.Web.WebView2.1.0.2792.45' with DependencyBehavior 'Lowest'
[  +35 ms]   Resolving dependency information took 0 ms
[        ]   Resolving actions to install package 'Microsoft.Web.WebView2.1.0.2792.45'
[        ]   Resolved actions to install package 'Microsoft.Web.WebView2.1.0.2792.45'
[  +19 ms]   Retrieving package 'Microsoft.Web.WebView2 1.0.2792.45' from 'C:\Users\ricky\.nuget\packages\'.
[  +30 ms]   Adding package 'Microsoft.Web.WebView2.1.0.2792.45' to folder 'C:\Users\ricky\Documents\flutter\GitHub\kalmnest\flutter_codelab\build\windows\x64\packages'
[ +491 ms]   Added package 'Microsoft.Web.WebView2.1.0.2792.45' to folder 'C:\Users\ricky\Documents\flutter\GitHub\kalmnest\flutter_codelab\build\windows\x64\packages'
[   +1 ms]   Successfully installed 'Microsoft.Web.WebView2 1.0.2792.45' to C:\Users\ricky\Documents\flutter\GitHub\kalmnest\flutter_codelab\build\windows\x64\packages
[   +1 ms]   Executing nuget actions took 532 ms
[ +714 ms]   Feeds used:
[        ]     C:\Users\ricky\.nuget\packages\
[        ]     https://api.nuget.org/v3/index.json
[        ]     C:\Program Files (x86)\Microsoft SDKs\NuGetPackages\
[ +105 ms]   Attempting to gather dependency information for package 'nlohmann.json.3.11.2' with respect to project 'C:\Users\ricky\Documents\flutter\GitHub\kalmnest\flutter_codelab\build\windows\x64\packages', targeting 'Any,Version=v0.0'
[ +192 ms]   Gathering dependency information took 180 ms
[   +7 ms]   Attempting to resolve dependencies for package 'nlohmann.json.3.11.2' with DependencyBehavior 'Lowest'
[  +41 ms]   Resolving dependency information took 0 ms
[        ]   Resolving actions to install package 'nlohmann.json.3.11.2'
[   +1 ms]   Resolved actions to install package 'nlohmann.json.3.11.2'
[  +21 ms]   Retrieving package 'nlohmann.json 3.11.2' from 'C:\Users\ricky\.nuget\packages\'.
[  +30 ms]   Adding package 'nlohmann.json.3.11.2' to folder 'C:\Users\ricky\Documents\flutter\GitHub\kalmnest\flutter_codelab\build\windows\x64\packages'
[ +392 ms]   Added package 'nlohmann.json.3.11.2' to folder 'C:\Users\ricky\Documents\flutter\GitHub\kalmnest\flutter_codelab\build\windows\x64\packages'
[   +3 ms]   Successfully installed 'nlohmann.json 3.11.2' to C:\Users\ricky\Documents\flutter\GitHub\kalmnest\flutter_codelab\build\windows\x64\packages
[   +2 ms]   Executing nuget actions took 435 ms
[  +86 ms] CustomBuild:
[        ]   Building Custom Rule C:/Users/ricky/Documents/flutter/GitHub/kalmnest/flutter_codelab/windows/flutter/ephemeral/.plugin_symlinks/flutter_inappwebview_windows/windows/CMakeLists.txt
[  +57 ms] FinalizeBuildStatus:
[        ]   Deleting file "x64\Debug\flutter_inappwebview_windows_DEPENDENCIES_DOWNLOAD\flutter_.6D159C75.tlog\unsuccessfulbuild".
[        ]   Touching "x64\Debug\flutter_inappwebview_windows_DEPENDENCIES_DOWNLOAD\flutter_.6D159C75.tlog\flutter_inappwebview_windows_DEPENDENCIES_DOWNLOAD.lastbuildstate".
[        ] Done Building Project "C:\Users\ricky\Documents\flutter\GitHub\kalmnest\flutter_codelab\build\windows\x64\plugins\flutter_inappwebview_windows\flutter_inappwebview_windows_DEPENDENCIES_DOWNLOAD.vcxproj" (default targets).
[  +52 ms] Project "C:\Users\ricky\Documents\flutter\GitHub\kalmnest\flutter_codelab\build\windows\x64\ALL_BUILD.vcxproj" (3) is building "C:\Users\ricky\Documents\flutter\GitHub\kalmnest\flutter_codelab\build\windows\x64\runner\flutter_codelab.vcxproj" (5) on node 1 (default targets).
[        ] Project "C:\Users\ricky\Documents\flutter\GitHub\kalmnest\flutter_codelab\build\windows\x64\runner\flutter_codelab.vcxproj" (5) is building "C:\Users\ricky\Documents\flutter\GitHub\kalmnest\flutter_codelab\build\windows\x64\flutter\flutter_assemble.vcxproj" (6) on node 1 (default targets).
[        ] PrepareForBuild:
[        ]   Creating directory "x64\Debug\flutter_assemble\".
[   +1 ms]   Creating directory "x64\Debug\flutter_assemble\flutter_assemble.tlog\".
[   +1 ms] InitializeBuildStatus:
[        ]   Creating "x64\Debug\flutter_assemble\flutter_assemble.tlog\unsuccessfulbuild" because "AlwaysCreate" was specified.
[   +2 ms] ComputeCustomBuildOutput:
[        ]   Creating directory "C:\Users\ricky\Documents\flutter\GitHub\kalmnest\flutter_codelab\windows\flutter\ephemeral\cpp_client_wrapper\".
[   +7 ms] CustomBuild:
[        ]   "The build of 'C:\Users\ricky\Documents\flutter\GitHub\kalmnest\flutter_codelab\build\windows\x64\CMakeFiles\301944e10656025d3c3465141a65b4ab\flutter_assemble.rule' depends on 'C:\USERS\RICKY\DOCUMENTS\FLUTTER\GITHUB\KALMNEST\CODE_PLAY\WINDOWS\FLUTTER\EPHEMERAL\FLUTTER_WINDOWS.DLL' which is produced by the build of 'C:\Users\ricky\Documents\flutter\GitHub\kalmnest\flutter_codelab\build\windows\x64\CMakeFiles\cb5e0bc7643c4b28895039d99656c43f\flutter_windows.dll.rule'. The items cannot be built in parallel."
[  +55 ms]   Generating C:/Users/ricky/Documents/flutter/GitHub/kalmnest/flutter_codelab/windows/flutter/ephemeral/flutter_windows.dll, C:/Users/ricky/Documents/flutter/GitHub/kalmnest/flutter_codelab/windows/flutter/ephemeral/flutter_export.h, C:/Users/ricky/Documents/flutter/GitHub/kalmnest/flutter_codelab/windows/flutter/ephemeral/flutter_windows.h, C:/Users/ricky/Documents/flutter/GitHub/kalmnest/flutter_codelab/windows/flutter/ephemeral/flutter_messenger.h, C:/Users/ricky/Documents/flutter/GitHub/kalmnest/flutter_codelab/windows/flutter/ephemeral/flutter_plugin_registrar.h, C:/Users/ricky/Documents/flutter/GitHub/kalmnest/flutter_codelab/windows/flutter/ephemeral/flutter_texture_registrar.h, C:/Users/ricky/Documents/flutter/GitHub/kalmnest/flutter_codelab/windows/flutter/ephemeral/cpp_client_wrapper/core_implementations.cc, C:/Users/ricky/Documents/flutter/GitHub/kalmnest/flutter_codelab/windows/flutter/ephemeral/cpp_client_wrapper/standard_codec.cc, C:/Users/ricky/Documents/flutter/GitHub/kalmnest/flutter_codelab/windows/flutter/ephemeral/cpp_client_wrapper/plugin_registrar.cc, C:/Users/ricky/Documents/flutter/GitHub/kalmnest/flutter_codelab/windows/flutter/ephemeral/cpp_client_wrapper/flutter_engine.cc, C:/Users/ricky/Documents/flutter/GitHub/kalmnest/flutter_codelab/windows/flutter/ephemeral/cpp_client_wrapper/flutter_view_controller.cc, _phony_
[+1267 ms]   [ +253 ms] Artifact Instance of 'MaterialFonts' is not required, skipping update.
[        ]   [   +1 ms] Artifact Instance of 'GradleWrapper' is not required, skipping update.
[        ]   [        ] Artifact Instance of 'AndroidGenSnapshotArtifacts' is not required, skipping update.
[        ]   [        ] Artifact Instance of 'AndroidInternalBuildArtifacts' is not required, skipping update.
[        ]   [        ] Artifact Instance of 'IOSEngineArtifacts' is not required, skipping update.
[        ]   [        ] Artifact Instance of 'FlutterWebSdk' is not required, skipping update.
[        ]   [        ] Artifact Instance of 'LegacyCanvasKitRemover' is not required, skipping update.
[        ]   [        ] Artifact Instance of 'FlutterSdk' is not required, skipping update.
[        ]   [        ] Artifact Instance of 'WindowsEngineArtifacts' is not required, skipping update.
[        ]   [        ] Artifact Instance of 'MacOSEngineArtifacts' is not required, skipping update.
[        ]   [        ] Artifact Instance of 'LinuxEngineArtifacts' is not required, skipping update.
[        ]   [        ] Artifact Instance of 'LinuxFuchsiaSDKArtifacts' is not required, skipping update.
[        ]   [        ] Artifact Instance of 'MacOSFuchsiaSDKArtifacts' is not required, skipping update.
[        ]   [        ] Artifact Instance of 'FlutterRunnerSDKArtifacts' is not required, skipping update.
[        ]   [        ] Artifact Instance of 'FlutterRunnerDebugSymbols' is not required, skipping update.
[        ]   [        ] Artifact Instance of 'IosUsbArtifacts' is not required, skipping update.
[        ]   [        ] Artifact Instance of 'IosUsbArtifacts' is not required, skipping update.
[        ]   [        ] Artifact Instance of 'IosUsbArtifacts' is not required, skipping update.
[        ]   [        ] Artifact Instance of 'IosUsbArtifacts' is not required, skipping update.
[        ]   [        ] Artifact Instance of 'IosUsbArtifacts' is not required, skipping update.
[        ]   [        ] Artifact Instance of 'IosUsbArtifacts' is not required, skipping update.
[        ]   [        ] Artifact Instance of 'FontSubsetArtifacts' is not required, skipping update.
[        ]   [        ] Artifact Instance of 'PubDependencies' is not required, skipping update.
[   +6 ms]   [  +16 ms] Artifact Instance of 'AndroidGenSnapshotArtifacts' is not required, skipping update.
[        ]   [        ] Artifact Instance of 'AndroidInternalBuildArtifacts' is not required, skipping update.
[        ]   [        ] Artifact Instance of 'IOSEngineArtifacts' is not required, skipping update.
[        ]   [        ] Artifact Instance of 'FlutterWebSdk' is not required, skipping update.
[        ]   [        ] Artifact Instance of 'FlutterEngineStamp' is not required, skipping update.
[        ]   [        ] Artifact Instance of 'LegacyCanvasKitRemover' is not required, skipping update.
[   +1 ms]   [   +2 ms] Artifact Instance of 'WindowsEngineArtifacts' is not required, skipping update.
[        ]   [        ] Artifact Instance of 'MacOSEngineArtifacts' is not required, skipping update.
[        ]   [        ] Artifact Instance of 'LinuxEngineArtifacts' is not required, skipping update.
[        ]   [        ] Artifact Instance of 'LinuxFuchsiaSDKArtifacts' is not required, skipping update.
[        ]   [        ] Artifact Instance of 'MacOSFuchsiaSDKArtifacts' is not required, skipping update.
[        ]   [        ] Artifact Instance of 'FlutterRunnerSDKArtifacts' is not required, skipping update.
[        ]   [        ] Artifact Instance of 'FlutterRunnerDebugSymbols' is not required, skipping update.
[  +44 ms]   [  +43 ms] Artifact Instance of 'MaterialFonts' is not required, skipping update.
[        ]   [        ] Artifact Instance of 'GradleWrapper' is not required, skipping update.
[        ]   [        ] Artifact Instance of 'AndroidGenSnapshotArtifacts' is not required, skipping update.
[        ]   [        ] Artifact Instance of 'AndroidInternalBuildArtifacts' is not required, skipping update.
[        ]   [        ] Artifact Instance of 'IOSEngineArtifacts' is not required, skipping update.
[        ]   [        ] Artifact Instance of 'FlutterWebSdk' is not required, skipping update.
[        ]   [        ] Artifact Instance of 'FlutterEngineStamp' is not required, skipping update.
[        ]   [        ] Artifact Instance of 'LegacyCanvasKitRemover' is not required, skipping update.
[        ]   [        ] Artifact Instance of 'FlutterSdk' is not required, skipping update.
[   +1 ms]   [   +1 ms] Artifact Instance of 'MacOSEngineArtifacts' is not required, skipping update.
[        ]   [        ] Artifact Instance of 'LinuxEngineArtifacts' is not required, skipping update.
[        ]   [        ] Artifact Instance of 'LinuxFuchsiaSDKArtifacts' is not required, skipping update.
[        ]   [        ] Artifact Instance of 'MacOSFuchsiaSDKArtifacts' is not required, skipping update.
[        ]   [        ] Artifact Instance of 'FlutterRunnerSDKArtifacts' is not required, skipping update.
[        ]   [        ] Artifact Instance of 'FlutterRunnerDebugSymbols' is not required, skipping update.
[        ]   [        ] Artifact Instance of 'IosUsbArtifacts' is not required, skipping update.
[        ]   [        ] Artifact Instance of 'IosUsbArtifacts' is not required, skipping update.
[        ]   [        ] Artifact Instance of 'IosUsbArtifacts' is not required, skipping update.
[        ]   [        ] Artifact Instance of 'IosUsbArtifacts' is not required, skipping update.
[        ]   [        ] Artifact Instance of 'IosUsbArtifacts' is not required, skipping update.
[        ]   [        ] Artifact Instance of 'IosUsbArtifacts' is not required, skipping update.
[        ]   [        ] Artifact Instance of 'FontSubsetArtifacts' is not required, skipping update.
[        ]   [        ] Artifact Instance of 'PubDependencies' is not required, skipping update.
[  +34 ms]   [  +35 ms] Initializing file store
[  +21 ms]   [  +21 ms] Skipping target: gen_localizations
[   +3 ms]   [   +3 ms] gen_dart_plugin_registrant: Starting due to {InvalidatedReasonKind.outputSetAddition: The following outputs were added to the output set: C:\Users\ricky\Documents\flutter\GitHub\kalmnest\flutter_codelab\.dart_tool\flutter_build\dart_plugin_registrant.dart, InvalidatedReasonKind.inputChanged: The following inputs have updated contents: C:\Users\ricky\Documents\flutter\GitHub\kalmnest\flutter_codelab\.dart_tool\package_config.json}
[   +4 ms]   [   +4 ms] dart_build: Starting due to {}
[   +1 ms]   [   +1 ms] unpack_windows: Starting due to {}
[ +339 ms]   [ +338 ms] unpack_windows: Complete
[+3318 ms]   [+3318 ms] Found plugin url_launcher at C:\Users\ricky\AppData\Local\Pub\Cache\hosted\pub.dev\url_launcher-6.3.2\
[   +3 ms]   [   +4 ms] Found plugin url_launcher_windows at C:\Users\ricky\AppData\Local\Pub\Cache\hosted\pub.dev\url_launcher_windows-3.1.5\
[   +6 ms]   [   +6 ms] Found plugin url_launcher_web at C:\Users\ricky\AppData\Local\Pub\Cache\hosted\pub.dev\url_launcher_web-2.4.1\
[   +4 ms]   [   +4 ms] Found plugin url_launcher_macos at C:\Users\ricky\AppData\Local\Pub\Cache\hosted\pub.dev\url_launcher_macos-3.2.5\
[   +2 ms]   [   +2 ms] Found plugin url_launcher_linux at C:\Users\ricky\AppData\Local\Pub\Cache\hosted\pub.dev\url_launcher_linux-3.2.2\
[   +2 ms]   [   +2 ms] Found plugin url_launcher_ios at C:\Users\ricky\AppData\Local\Pub\Cache\hosted\pub.dev\url_launcher_ios-6.3.6\
[   +2 ms]   [   +2 ms] Found plugin url_launcher_android at C:\Users\ricky\AppData\Local\Pub\Cache\hosted\pub.dev\url_launcher_android-6.3.28\
[   +2 ms]   [   +2 ms] Found plugin printing at C:\Users\ricky\AppData\Local\Pub\Cache\hosted\pub.dev\printing-5.14.2\
[  +15 ms]   [  +15 ms] No packages with native assets. Skipping native assets compilation.
[   +2 ms]   [   +2 ms] dart_build: Complete
[   +3 ms]   [   +3 ms] install_code_assets: Starting due to {}
[   +3 ms]   [   +3 ms] Writing native assets json to file:///C:/Users/ricky/Documents/flutter/GitHub/kalmnest/flutter_codelab/.dart_tool/flutter_build/89581ec4e4d8c5824407c00ecf2802df/native_assets.json.
[   +3 ms]   [   +3 ms] Writing C:\Users\ricky\Documents\flutter\GitHub\kalmnest\flutter_codelab\.dart_tool\flutter_build\89581ec4e4d8c5824407c00ecf2802df\native_assets.json done.
[   +1 ms]   [   +1 ms] install_code_assets: Complete
[   +9 ms]   [   +9 ms] Found plugin path_provider at C:\Users\ricky\AppData\Local\Pub\Cache\hosted\pub.dev\path_provider-2.1.5\
[   +1 ms]   [   +1 ms] Found plugin path_provider_windows at C:\Users\ricky\AppData\Local\Pub\Cache\hosted\pub.dev\path_provider_windows-2.3.0\
[   +3 ms]   [   +3 ms] Found plugin path_provider_linux at C:\Users\ricky\AppData\Local\Pub\Cache\hosted\pub.dev\path_provider_linux-2.2.1\
[   +3 ms]   [   +3 ms] Found plugin path_provider_foundation at C:\Users\ricky\AppData\Local\Pub\Cache\hosted\pub.dev\path_provider_foundation-2.5.1\
[   +1 ms]   [   +1 ms] Found plugin path_provider_android at C:\Users\ricky\AppData\Local\Pub\Cache\hosted\pub.dev\path_provider_android-2.2.22\
[  +18 ms]   [  +18 ms] Found plugin webview_flutter_wkwebview at C:\Users\ricky\AppData\Local\Pub\Cache\hosted\pub.dev\webview_flutter_wkwebview-3.23.5\
[   +2 ms]   [   +2 ms] Found plugin webview_flutter_android at C:\Users\ricky\AppData\Local\Pub\Cache\hosted\pub.dev\webview_flutter_android-4.10.11\
[   +1 ms]   [   +1 ms] Found plugin webview_flutter at C:\Users\ricky\AppData\Local\Pub\Cache\hosted\pub.dev\webview_flutter-4.13.0\
[  +13 ms]   [  +12 ms] Found plugin just_audio at C:\Users\ricky\AppData\Local\Pub\Cache\hosted\pub.dev\just_audio-0.10.5\
[   +5 ms]   [   +5 ms] Found plugin just_audio_web at C:\Users\ricky\AppData\Local\Pub\Cache\hosted\pub.dev\just_audio_web-0.4.16\
[   +2 ms]   [   +2 ms] Found plugin audio_session at C:\Users\ricky\AppData\Local\Pub\Cache\hosted\pub.dev\audio_session-0.2.2\
[   +2 ms]   [   +2 ms] Found plugin video_player at C:\Users\ricky\AppData\Local\Pub\Cache\hosted\pub.dev\video_player-2.10.1\
[   +1 ms]   [   +1 ms] Found plugin video_player_web at C:\Users\ricky\AppData\Local\Pub\Cache\hosted\pub.dev\video_player_web-2.4.0\
[   +1 ms]   [   +1 ms] Found plugin video_player_avfoundation at C:\Users\ricky\AppData\Local\Pub\Cache\hosted\pub.dev\video_player_avfoundation-2.8.8\
[   +1 ms]   [   +1 ms] Found plugin video_player_android at C:\Users\ricky\AppData\Local\Pub\Cache\hosted\pub.dev\video_player_android-2.8.22\
[   +2 ms]   [   +2 ms] Found plugin wakelock_plus at C:\Users\ricky\AppData\Local\Pub\Cache\hosted\pub.dev\wakelock_plus-1.4.0\
[   +5 ms]   [   +5 ms] Found plugin package_info_plus at C:\Users\ricky\AppData\Local\Pub\Cache\hosted\pub.dev\package_info_plus-9.0.0\
[   +9 ms]   [   +9 ms] Found plugin sqflite at C:\Users\ricky\AppData\Local\Pub\Cache\hosted\pub.dev\sqflite-2.4.2\
[   +3 ms]   [   +3 ms] Found plugin sqflite_darwin at C:\Users\ricky\AppData\Local\Pub\Cache\hosted\pub.dev\sqflite_darwin-2.4.2\
[   +1 ms]   [   +1 ms] Found plugin sqflite_android at C:\Users\ricky\AppData\Local\Pub\Cache\hosted\pub.dev\sqflite_android-2.4.2+2\
[   +6 ms]   [   +6 ms] Found plugin flutter_secure_storage at C:\Users\ricky\AppData\Local\Pub\Cache\hosted\pub.dev\flutter_secure_storage-9.2.4\
[   +1 ms]   [   +1 ms] Found plugin flutter_secure_storage_windows at C:\Users\ricky\AppData\Local\Pub\Cache\hosted\pub.dev\flutter_secure_storage_windows-3.1.2\
[   +1 ms]   [   +1 ms] Found plugin flutter_secure_storage_web at C:\Users\ricky\AppData\Local\Pub\Cache\hosted\pub.dev\flutter_secure_storage_web-1.2.1\
[   +1 ms]   [   +1 ms] Found plugin flutter_secure_storage_macos at C:\Users\ricky\AppData\Local\Pub\Cache\hosted\pub.dev\flutter_secure_storage_macos-3.1.3\
[   +1 ms]   [   +1 ms] Found plugin flutter_secure_storage_linux at C:\Users\ricky\AppData\Local\Pub\Cache\hosted\pub.dev\flutter_secure_storage_linux-1.2.3\
[   +4 ms]   [   +4 ms] Found plugin flutter_inappwebview at C:\Users\ricky\AppData\Local\Pub\Cache\hosted\pub.dev\flutter_inappwebview-6.1.5\
[   +1 ms]   [   +1 ms] Found plugin flutter_inappwebview_windows at C:\Users\ricky\AppData\Local\Pub\Cache\hosted\pub.dev\flutter_inappwebview_windows-0.6.0\
[   +2 ms]   [   +2 ms] Found plugin flutter_inappwebview_web at C:\Users\ricky\AppData\Local\Pub\Cache\hosted\pub.dev\flutter_inappwebview_web-1.1.2\
[   +1 ms]   [   +1 ms] Found plugin flutter_inappwebview_macos at C:\Users\ricky\AppData\Local\Pub\Cache\hosted\pub.dev\flutter_inappwebview_macos-1.1.2\
[   +1 ms]   [   +1 ms] Found plugin flutter_inappwebview_ios at C:\Users\ricky\AppData\Local\Pub\Cache\hosted\pub.dev\flutter_inappwebview_ios-1.1.2\
[   +1 ms]   [   +1 ms] Found plugin flutter_inappwebview_android at C:\Users\ricky\AppData\Local\Pub\Cache\hosted\pub.dev\flutter_inappwebview_android-1.1.3\
[   +1 ms]   [   +1 ms] Found plugin file_picker at C:\Users\ricky\AppData\Local\Pub\Cache\hosted\pub.dev\file_picker-10.3.7\
[        ]   [        ] Found plugin flutter_plugin_android_lifecycle at C:\Users\ricky\AppData\Local\Pub\Cache\hosted\pub.dev\flutter_plugin_android_lifecycle-2.0.33\
[  +10 ms]   [  +10 ms] Found plugin desktop_drop at C:\Users\ricky\AppData\Local\Pub\Cache\hosted\pub.dev\desktop_drop-0.7.0\
[  +13 ms]   [  +13 ms] Skipping generating dart_plugin_registrant.dart because it is up-to-date.
[        ]   [        ] gen_dart_plugin_registrant: Complete
[   +2 ms]   [   +2 ms] kernel_snapshot_program: Starting due to {}
[   +9 ms]   [   +8 ms] C:\Flutter\bin\cache\dart-sdk\bin\dartaotruntime.exe C:\Flutter\bin\cache\dart-sdk\bin\snapshots\frontend_server_aot.dart.snapshot --sdk-root C:\Flutter\bin\cache\artifacts\engine\common\flutter_patched_sdk/ --target=flutter --no-print-incremental-dependencies -DFLUTTER_VERSION=3.35.7 -DFLUTTER_CHANNEL=stable -DFLUTTER_GIT_URL=https://github.com/flutter/flutter.git -DFLUTTER_FRAMEWORK_REVISION=adc9010625 -DFLUTTER_ENGINE_REVISION=035316565a -DFLUTTER_DART_VERSION=3.9.2 -Ddart.vm.profile=false -Ddart.vm.product=false --enable-asserts --track-widget-creation --packages C:\Users\ricky\Documents\flutter\GitHub\kalmnest\flutter_codelab\.dart_tool\package_config.json --output-dill C:\Users\ricky\Documents\flutter\GitHub\kalmnest\flutter_codelab\.dart_tool\flutter_build\89581ec4e4d8c5824407c00ecf2802df\app.dill --depfile C:\Users\ricky\Documents\flutter\GitHub\kalmnest\flutter_codelab\.dart_tool\flutter_build\89581ec4e4d8c5824407c00ecf2802df\kernel_snapshot_program.d --incremental --initialize-from-dill C:\Users\ricky\Documents\flutter\GitHub\kalmnest\flutter_codelab\.dart_tool\flutter_build\89581ec4e4d8c5824407c00ecf2802df\app.dill --source file:///C:/Users/ricky/Documents/flutter/GitHub/kalmnest/flutter_codelab/.dart_tool/flutter_build/dart_plugin_registrant.dart --source package:flutter/src/dart_plugin_registrant.dart -Dflutter.dart_plugin_registrant=file:///C:/Users/ricky/Documents/flutter/GitHub/kalmnest/flutter_codelab/.dart_tool/flutter_build/dart_plugin_registrant.dart --verbosity=error package:flutter_codelab/main.dart
[  +81 ms] CUSTOMBUILD : [  +77 ms] error : Couldn't resolve the package 'flutter_localizations' in 'package:flutter_localizations/flutter_localizations.dart'. [C:\Users\ricky\Documents\flutter\GitHub\kalmnest\flutter_codelab\build\windows\x64\flutter\flutter_assemble.vcxproj]
[ +148 ms] [ +152 ms] lib/l10n/generated/app_localizations.dart(5,8): error GDA81338A: Not found: 'package:flutter_localizations/flutter_localizations.dart' [C:\Users\ricky\Documents\flutter\GitHub\kalmnest\flutter_codelab\build\windows\x64\flutter\flutter_assemble.vcxproj]
[        ]   [        ] import 'package:flutter_localizations/flutter_localizations.dart';
[        ]   [        ]        ^
[ +778 ms] [ +779 ms] lib/student/widgets/class/student_quiz_list_section.dart(243,35): error GF2BD9131: Can't find ')' to match '('. [C:\Users\ricky\Documents\flutter\GitHub\kalmnest\flutter_codelab\build\windows\x64\flutter\flutter_assemble.vcxproj]
[        ]   [        ]                     return Padding(
[        ]   [        ]                                   ^
[+2751 ms] [+2751 ms] lib/l10n/generated/app_localizations.dart(90,9): error GA0A3EB9C: Undefined name 'GlobalMaterialLocalizations'. [C:\Users\ricky\Documents\flutter\GitHub\kalmnest\flutter_codelab\build\windows\x64\flutter\flutter_assemble.vcxproj]
[        ]   [        ]         GlobalMaterialLocalizations.delegate,
[        ]   [        ]         ^^^^^^^^^^^^^^^^^^^^^^^^^^^
[        ] [        ] lib/l10n/generated/app_localizations.dart(91,9): error GA0A3EB9C: Undefined name 'GlobalCupertinoLocalizations'. [C:\Users\ricky\Documents\flutter\GitHub\kalmnest\flutter_codelab\build\windows\x64\flutter\flutter_assemble.vcxproj]
[        ]   [        ]         GlobalCupertinoLocalizations.delegate,
[        ]   [        ]         ^^^^^^^^^^^^^^^^^^^^^^^^^^^^
[        ] [        ] lib/l10n/generated/app_localizations.dart(92,9): error GA0A3EB9C: Undefined name 'GlobalWidgetsLocalizations'. [C:\Users\ricky\Documents\flutter\GitHub\kalmnest\flutter_codelab\build\windows\x64\flutter\flutter_assemble.vcxproj]
[        ]   [        ]         GlobalWidgetsLocalizations.delegate,
[        ]   [        ]         ^^^^^^^^^^^^^^^^^^^^^^^^^^
[ +890 ms] [ +890 ms] lib/admin_teacher/widgets/disappearing_navigation_rail.dart(59,24): error GD65BB2B6: The getter 'onMenuPressed' isn't defined for the type 'DisappearingNavigationRail'. [C:\Users\ricky\Documents\flutter\GitHub\kalmnest\flutter_codelab\build\windows\x64\flutter\flutter_assemble.vcxproj]
[        ]   [        ]  - 'DisappearingNavigationRail' is from 'package:flutter_codelab/admin_teacher/widgets/disappearing_navigation_rail.dart' ('lib/admin_teacher/widgets/disappearing_navigation_rail.dart').
[        ]   [        ] Try correcting the name to the name of an existing getter, or defining a getter or field named 'onMenuPressed'.
[        ]   [        ]             onPressed: onMenuPressed,
[        ]   [        ]                        ^^^^^^^^^^^^^
[+1396 ms] [+1396 ms] lib/admin_teacher/widgets/user/edit_user_dialog.dart(503,48): error G5ACFE20E: Required named parameter 'onChanged' must be provided. [C:\Users\ricky\Documents\flutter\GitHub\kalmnest\flutter_codelab\build\windows\x64\flutter\flutter_assemble.vcxproj]
[        ]   [        ]                 DropdownButtonFormField<String>(
[        ]   [        ]                                                ^
[        ]   [        ] /C:/Flutter/packages/flutter/lib/src/material/dropdown.dart:1753:3: Context: Found this candidate, but the arguments don't match.
[        ]   [        ]   DropdownButtonFormField({
[        ]   [        ]   ^^^^^^^^^^^^^^^^^^^^^^^
[   +8 ms] [   +8 ms] lib/admin_teacher/widgets/class/teacher_class_list_section.dart(72,24): error GD65BB2B6: The getter '_isHovered' isn't defined for the type '_ClassListItemState'. [C:\Users\ricky\Documents\flutter\GitHub\kalmnest\flutter_codelab\build\windows\x64\flutter\flutter_assemble.vcxproj]
[        ]   [        ]  - '_ClassListItemState' is from 'package:flutter_codelab/admin_teacher/widgets/class/teacher_class_list_section.dart' ('lib/admin_teacher/widgets/class/teacher_class_list_section.dart').
[        ]   [        ] Try correcting the name to the name of an existing getter, or defining a getter or field named '_isHovered'.
[        ]   [        ]                 color: _isHovered
[        ]   [        ]                        ^^^^^^^^^^
[        ] [        ] lib/admin_teacher/widgets/class/teacher_class_list_section.dart(77,26): error GD65BB2B6: The getter '_isHovered' isn't defined for the type '_ClassListItemState'. [C:\Users\ricky\Documents\flutter\GitHub\kalmnest\flutter_codelab\build\windows\x64\flutter\flutter_assemble.vcxproj]
[        ]   [        ]  - '_ClassListItemState' is from 'package:flutter_codelab/admin_teacher/widgets/class/teacher_class_list_section.dart' ('lib/admin_teacher/widgets/class/teacher_class_list_section.dart').
[        ]   [        ] Try correcting the name to the name of an existing getter, or defining a getter or field named '_isHovered'.
[        ]   [        ]                   color: _isHovered
[        ]   [        ]                          ^^^^^^^^^^
[        ] [        ] lib/admin_teacher/widgets/class/teacher_class_list_section.dart(63,42): error GD65BB4FA: The setter '_isHovered' isn't defined for the type '_ClassListItemState'. [C:\Users\ricky\Documents\flutter\GitHub\kalmnest\flutter_codelab\build\windows\x64\flutter\flutter_assemble.vcxproj]
[        ]   [        ]  - '_ClassListItemState' is from 'package:flutter_codelab/admin_teacher/widgets/class/teacher_class_list_section.dart' ('lib/admin_teacher/widgets/class/teacher_class_list_section.dart').
[        ]   [        ] Try correcting the name to the name of an existing setter, or defining a setter or field named '_isHovered'.
[        ]   [        ]           onEnter: (_) => setState(() => _isHovered = true),
[        ]   [        ]                                          ^^^^^^^^^^
[        ] [        ] lib/admin_teacher/widgets/class/teacher_class_list_section.dart(64,41): error GD65BB4FA: The setter '_isHovered' isn't defined for the type '_ClassListItemState'. [C:\Users\ricky\Documents\flutter\GitHub\kalmnest\flutter_codelab\build\windows\x64\flutter\flutter_assemble.vcxproj]
[        ]   [        ]  - '_ClassListItemState' is from 'package:flutter_codelab/admin_teacher/widgets/class/teacher_class_list_section.dart' ('lib/admin_teacher/widgets/class/teacher_class_list_section.dart').
[        ]   [        ] Try correcting the name to the name of an existing setter, or defining a setter or field named '_isHovered'.
[        ]   [        ]           onExit: (_) => setState(() => _isHovered = false),
[        ]   [        ]                                         ^^^^^^^^^^
[   +2 ms] [   +3 ms] lib/student/widgets/class/student_class_list_section.dart(68,24): error GD65BB2B6: The getter '_isHovered' isn't defined for the type '_ClassListItemState'. [C:\Users\ricky\Documents\flutter\GitHub\kalmnest\flutter_codelab\build\windows\x64\flutter\flutter_assemble.vcxproj]
[        ]   [        ]  - '_ClassListItemState' is from 'package:flutter_codelab/student/widgets/class/student_class_list_section.dart' ('lib/student/widgets/class/student_class_list_section.dart').
[        ]   [        ] Try correcting the name to the name of an existing getter, or defining a getter or field named '_isHovered'.
[        ]   [        ]                 color: _isHovered
[        ]   [        ]                        ^^^^^^^^^^
[        ] [        ] lib/student/widgets/class/student_class_list_section.dart(73,26): error GD65BB2B6: The getter '_isHovered' isn't defined for the type '_ClassListItemState'. [C:\Users\ricky\Documents\flutter\GitHub\kalmnest\flutter_codelab\build\windows\x64\flutter\flutter_assemble.vcxproj]
[        ]   [        ]  - '_ClassListItemState' is from 'package:flutter_codelab/student/widgets/class/student_class_list_section.dart' ('lib/student/widgets/class/student_class_list_section.dart').
[        ]   [        ] Try correcting the name to the name of an existing getter, or defining a getter or field named '_isHovered'.
[        ]   [        ]                   color: _isHovered
[        ]   [        ]                          ^^^^^^^^^^
[        ] [        ] lib/student/widgets/class/student_class_list_section.dart(58,42): error GD65BB4FA: The setter '_isHovered' isn't defined for the type '_ClassListItemState'. [C:\Users\ricky\Documents\flutter\GitHub\kalmnest\flutter_codelab\build\windows\x64\flutter\flutter_assemble.vcxproj]
[        ]   [        ]  - '_ClassListItemState' is from 'package:flutter_codelab/student/widgets/class/student_class_list_section.dart' ('lib/student/widgets/class/student_class_list_section.dart').
[        ]   [        ] Try correcting the name to the name of an existing setter, or defining a setter or field named '_isHovered'.
[        ]   [        ]           onEnter: (_) => setState(() => _isHovered = true),
[        ]   [        ]                                          ^^^^^^^^^^
[        ] [        ] lib/student/widgets/class/student_class_list_section.dart(59,41): error GD65BB4FA: The setter '_isHovered' isn't defined for the type '_ClassListItemState'. [C:\Users\ricky\Documents\flutter\GitHub\kalmnest\flutter_codelab\build\windows\x64\flutter\flutter_assemble.vcxproj]
[        ]   [        ]  - '_ClassListItemState' is from 'package:flutter_codelab/student/widgets/class/student_class_list_section.dart' ('lib/student/widgets/class/student_class_list_section.dart').
[        ]   [        ] Try correcting the name to the name of an existing setter, or defining a setter or field named '_isHovered'.
[        ]   [        ]           onExit: (_) => setState(() => _isHovered = false),
[        ]   [        ]                                         ^^^^^^^^^^
[   +9 ms] [  +10 ms] lib/student/widgets/feedback/student_view_feedback_page.dart(65,13): error GBF4691A2: No named parameter with the name 'topic'. [C:\Users\ricky\Documents\flutter\GitHub\kalmnest\flutter_codelab\build\windows\x64\flutter\flutter_assemble.vcxproj]
[        ]   [        ]             topic: fb['topic'] ?? '',
[        ]   [        ]             ^^^^^
[        ]   [        ] lib/models/feedback.dart:13:3: Context: Found this candidate, but the arguments don't match.
[        ]   [        ]   FeedbackData({
[        ]   [        ]   ^^^^^^^^^^^^
[        ] [        ] lib/student/widgets/feedback/student_view_feedback_page.dart(80,11): error GD65BB2B6: The getter 'AppLocalizations' isn't defined for the type '_StudentViewFeedbackPageState'. [C:\Users\ricky\Documents\flutter\GitHub\kalmnest\flutter_codelab\build\windows\x64\flutter\flutter_assemble.vcxproj]
[        ]   [        ]  - '_StudentViewFeedbackPageState' is from 'package:flutter_codelab/student/widgets/feedback/student_view_feedback_page.dart' ('lib/student/widgets/feedback/student_view_feedback_page.dart').
[        ]   [        ] Try correcting the name to the name of an existing getter, or defining a getter or field named 'AppLocalizations'.
[        ]   [        ]           AppLocalizations.of(context)!.failedToLoadFeedback(e.toString()),
[        ]   [        ]           ^^^^^^^^^^^^^^^^
[        ] [        ] lib/student/widgets/feedback/student_view_feedback_page.dart(106,21): error GD65BB2B6: The getter 'AppLocalizations' isn't defined for the type '_StudentViewFeedbackPageState'. [C:\Users\ricky\Documents\flutter\GitHub\kalmnest\flutter_codelab\build\windows\x64\flutter\flutter_assemble.vcxproj]
[        ]   [        ]  - '_StudentViewFeedbackPageState' is from 'package:flutter_codelab/student/widgets/feedback/student_view_feedback_page.dart' ('lib/student/widgets/feedback/student_view_feedback_page.dart').
[        ]   [        ] Try correcting the name to the name of an existing getter, or defining a getter or field named 'AppLocalizations'.
[        ]   [        ]         title: Text(AppLocalizations.of(context)!.myFeedback),
[        ]   [        ]                     ^^^^^^^^^^^^^^^^
[   +2 ms] [   +3 ms] lib/student/widgets/feedback/student_view_feedback_page.dart(174,50): error GD65BB2B6: The getter 'topic' isn't defined for the type 'FeedbackData'. [C:\Users\ricky\Documents\flutter\GitHub\kalmnest\flutter_codelab\build\windows\x64\flutter\flutter_assemble.vcxproj]
[        ]   [        ]  - 'FeedbackData' is from 'package:flutter_codelab/models/feedback.dart' ('lib/models/feedback.dart').
[        ]   [        ] Try correcting the name to the name of an existing getter, or defining a getter or field named 'topic'.
[        ]   [        ]                                         feedback.topic,
[        ]   [        ]                                                  ^^^^^
[+7615 ms]   [+7614 ms] Unhandled exception:
[        ]              FileSystemException(uri=org-dartlang-untranslatable-uri:package%3Aflutter_localizations%2Fflutter_localizations.dart; message=StandardFileSystem only supports file:* and data:* URIs)
[        ]              #0      StandardFileSystem.entityForUri (package:front_end/src/api_prototype/standard_file_system.dart:45)
[        ]              #1      asFileUri (package:vm/kernel_front_end.dart:1002)
[        ]              #2      writeDepfile (package:vm/kernel_front_end.dart:1165)
[        ]              <asynchronous suspension>
[        ]              #3      FrontendCompiler.compile (package:frontend_server/frontend_server.dart:729)
[        ]              <asynchronous suspension>
[        ]              #4      starter (package:frontend_server/starter.dart:102)
[        ]              <asynchronous suspension>
[        ]              #5      main (file:///C:/b/s/w/ir/x/w/sdk/pkg/frontend_server/bin/frontend_server_starter.dart:13)
[        ]              <asynchronous suspension>
[ +266 ms]   [ +267 ms] Persisting file store
[   +4 ms]   [   +5 ms] Done persisting file store
[   +4 ms]   [   +5 ms] Target kernel_snapshot_program failed: Exception
[   +6 ms]              #0      KernelSnapshot.build (package:flutter_tools/src/build_system/targets/common.dart:282:7)
[        ]              <asynchronous suspension>
[        ]              #1      _BuildInstance._invokeInternal (package:flutter_tools/src/build_system/build_system.dart:873:9)
[        ]              <asynchronous suspension>
[        ]              #2      Future.wait.<anonymous closure> (dart:async/future.dart:525:21)
[        ]              <asynchronous suspension>
[        ]              #3      _BuildInstance.invokeTarget (package:flutter_tools/src/build_system/build_system.dart:811:32)
[        ]              <asynchronous suspension>
[        ]              #4      FlutterBuildSystem.build (package:flutter_tools/src/build_system/build_system.dart:631:16)
[        ]              <asynchronous suspension>
[        ]              #5      AssembleCommand.runCommand (package:flutter_tools/src/commands/assemble.dart:346:32)
[        ]              <asynchronous suspension>
[        ]              #6      FlutterCommand.run.<anonymous closure> (package:flutter_tools/src/runner/flutter_command.dart:1581:27)
[        ]              <asynchronous suspension>
[        ]              #7      AppContext.run.<anonymous closure> (package:flutter_tools/src/base/context.dart:154:19)
[        ]              <asynchronous suspension>
[        ]              #8      CommandRunner.runCommand (package:args/command_runner.dart:212:13)
[        ]              <asynchronous suspension>
[        ]              #9      FlutterCommandRunner.runCommand.<anonymous closure> (package:flutter_tools/src/runner/flutter_command_runner.dart:503:9)
[        ]              <asynchronous suspension>
[        ]              #10     AppContext.run.<anonymous closure> (package:flutter_tools/src/base/context.dart:154:19)
[        ]              <asynchronous suspension>
[        ]              #11     FlutterCommandRunner.runCommand (package:flutter_tools/src/runner/flutter_command_runner.dart:438:5)
[        ]              <asynchronous suspension>
[        ]              #12     run.<anonymous closure>.<anonymous closure> (package:flutter_tools/runner.dart:98:11)
[        ]              <asynchronous suspension>
[        ]              #13     AppContext.run.<anonymous closure> (package:flutter_tools/src/base/context.dart:154:19)
[        ]              <asynchronous suspension>
[        ]              #14     main (package:flutter_tools/executable.dart:101:3)
[        ]              <asynchronous suspension>
[        ]   [   +8 ms] "flutter assemble" took 17,974ms.
[  +93 ms]   [  +93 ms] 
[        ]              #0      throwToolExit (package:flutter_tools/src/base/common.dart:34:3)
[        ]              #1      AssembleCommand.runCommand (package:flutter_tools/src/commands/assemble.dart:364:7)
[        ]              <asynchronous suspension>
[        ]              #2      FlutterCommand.run.<anonymous closure> (package:flutter_tools/src/runner/flutter_command.dart:1581:27)
[        ]              <asynchronous suspension>
[        ]              #3      AppContext.run.<anonymous closure> (package:flutter_tools/src/base/context.dart:154:19)
[        ]              <asynchronous suspension>
[        ]              #4      CommandRunner.runCommand (package:args/command_runner.dart:212:13)
[        ]              <asynchronous suspension>
[        ]              #5      FlutterCommandRunner.runCommand.<anonymous closure> (package:flutter_tools/src/runner/flutter_command_runner.dart:503:9)
[        ]              <asynchronous suspension>
[        ]              #6      AppContext.run.<anonymous closure> (package:flutter_tools/src/base/context.dart:154:19)
[        ]              <asynchronous suspension>
[        ]              #7      FlutterCommandRunner.runCommand (package:flutter_tools/src/runner/flutter_command_runner.dart:438:5)
[        ]              <asynchronous suspension>
[        ]              #8      run.<anonymous closure>.<anonymous closure> (package:flutter_tools/runner.dart:98:11)
[        ]              <asynchronous suspension>
[        ]              #9      AppContext.run.<anonymous closure> (package:flutter_tools/src/base/context.dart:154:19)
[        ]              <asynchronous suspension>
[        ]              #10     main (package:flutter_tools/executable.dart:101:3)
[        ]              <asynchronous suspension>
[        ]   [        ] Running 1 shutdown hook
[        ]   [   +1 ms] Shutdown hooks complete
[  +66 ms]   [  +68 ms] exiting with code 1
[  +53 ms] C:\Program Files (x86)\Microsoft Visual Studio\2019\Community\MSBuild\Microsoft\VC\v160\Microsoft.CppCommon.targets(241,5): error MSB8066: Custom build for 'C:\Users\ricky\Documents\flutter\GitHub\kalmnest\flutter_codelab\build\windows\x64\CMakeFiles\cb5e0bc7643c4b28895039d99656c43f\flutter_windows.dll.rule;C:\Users\ricky\Documents\flutter\GitHub\kalmnest\flutter_codelab\build\windows\x64\CMakeFiles\301944e10656025d3c3465141a65b4ab\flutter_assemble.rule' exited with code 1. [C:\Users\ricky\Documents\flutter\GitHub\kalmnest\flutter_codelab\build\windows\x64\flutter\flutter_assemble.vcxproj]
[   +2 ms] Done Building Project "C:\Users\ricky\Documents\flutter\GitHub\kalmnest\flutter_codelab\build\windows\x64\flutter\flutter_assemble.vcxproj" (default targets) -- FAILED.
[        ] Done Building Project "C:\Users\ricky\Documents\flutter\GitHub\kalmnest\flutter_codelab\build\windows\x64\runner\flutter_codelab.vcxproj" (default targets) -- FAILED.
[ +185 ms] Done Building Project "C:\Users\ricky\Documents\flutter\GitHub\kalmnest\flutter_codelab\build\windows\x64\ALL_BUILD.vcxproj" (default targets) -- FAILED.
[        ] Done Building Project "C:\Users\ricky\Documents\flutter\GitHub\kalmnest\flutter_codelab\build\windows\x64\INSTALL.vcxproj" (default targets) -- FAILED.
[   +1 ms] Build FAILED.
[   +4 ms] "C:\Users\ricky\Documents\flutter\GitHub\kalmnest\flutter_codelab\build\windows\x64\INSTALL.vcxproj" (default target) (1) ->
[        ] "C:\Users\ricky\Documents\flutter\GitHub\kalmnest\flutter_codelab\build\windows\x64\ALL_BUILD.vcxproj" (default target) (3) ->
[        ] "C:\Users\ricky\Documents\flutter\GitHub\kalmnest\flutter_codelab\build\windows\x64\runner\flutter_codelab.vcxproj" (default target) (5) ->
[        ] "C:\Users\ricky\Documents\flutter\GitHub\kalmnest\flutter_codelab\build\windows\x64\flutter\flutter_assemble.vcxproj" (default target) (6) ->
[        ] (CustomBuild target) -> 
[        ]   CUSTOMBUILD : [  +77 ms] error : Couldn't resolve the package 'flutter_localizations' in 'package:flutter_localizations/flutter_localizations.dart'. [C:\Users\ricky\Documents\flutter\GitHub\kalmnest\flutter_codelab\build\windows\x64\flutter\flutter_assemble.vcxproj]
[        ]   [ +152 ms] lib/l10n/generated/app_localizations.dart(5,8): error GDA81338A: Not found: 'package:flutter_localizations/flutter_localizations.dart' [C:\Users\ricky\Documents\flutter\GitHub\kalmnest\flutter_codelab\build\windows\x64\flutter\flutter_assemble.vcxproj]
[        ]   [ +779 ms] lib/student/widgets/class/student_quiz_list_section.dart(243,35): error GF2BD9131: Can't find ')' to match '('. [C:\Users\ricky\Documents\flutter\GitHub\kalmnest\flutter_codelab\build\windows\x64\flutter\flutter_assemble.vcxproj]
[        ]   [+2751 ms] lib/l10n/generated/app_localizations.dart(90,9): error GA0A3EB9C: Undefined name 'GlobalMaterialLocalizations'. [C:\Users\ricky\Documents\flutter\GitHub\kalmnest\flutter_codelab\build\windows\x64\flutter\flutter_assemble.vcxproj]
[        ]   [        ] lib/l10n/generated/app_localizations.dart(91,9): error GA0A3EB9C: Undefined name 'GlobalCupertinoLocalizations'. [C:\Users\ricky\Documents\flutter\GitHub\kalmnest\flutter_codelab\build\windows\x64\flutter\flutter_assemble.vcxproj]
[        ]   [        ] lib/l10n/generated/app_localizations.dart(92,9): error GA0A3EB9C: Undefined name 'GlobalWidgetsLocalizations'. [C:\Users\ricky\Documents\flutter\GitHub\kalmnest\flutter_codelab\build\windows\x64\flutter\flutter_assemble.vcxproj]
[        ]   [ +890 ms] lib/admin_teacher/widgets/disappearing_navigation_rail.dart(59,24): error GD65BB2B6: The getter 'onMenuPressed' isn't defined for the type 'DisappearingNavigationRail'. [C:\Users\ricky\Documents\flutter\GitHub\kalmnest\flutter_codelab\build\windows\x64\flutter\flutter_assemble.vcxproj]
[        ]   [+1396 ms] lib/admin_teacher/widgets/user/edit_user_dialog.dart(503,48): error G5ACFE20E: Required named parameter 'onChanged' must be provided. [C:\Users\ricky\Documents\flutter\GitHub\kalmnest\flutter_codelab\build\windows\x64\flutter\flutter_assemble.vcxproj]
[        ]   [   +8 ms] lib/admin_teacher/widgets/class/teacher_class_list_section.dart(72,24): error GD65BB2B6: The getter '_isHovered' isn't defined for the type '_ClassListItemState'. [C:\Users\ricky\Documents\flutter\GitHub\kalmnest\flutter_codelab\build\windows\x64\flutter\flutter_assemble.vcxproj]
[        ]   [        ] lib/admin_teacher/widgets/class/teacher_class_list_section.dart(77,26): error GD65BB2B6: The getter '_isHovered' isn't defined for the type '_ClassListItemState'. [C:\Users\ricky\Documents\flutter\GitHub\kalmnest\flutter_codelab\build\windows\x64\flutter\flutter_assemble.vcxproj]
[        ]   [        ] lib/admin_teacher/widgets/class/teacher_class_list_section.dart(63,42): error GD65BB4FA: The setter '_isHovered' isn't defined for the type '_ClassListItemState'. [C:\Users\ricky\Documents\flutter\GitHub\kalmnest\flutter_codelab\build\windows\x64\flutter\flutter_assemble.vcxproj]
[        ]   [        ] lib/admin_teacher/widgets/class/teacher_class_list_section.dart(64,41): error GD65BB4FA: The setter '_isHovered' isn't defined for the type '_ClassListItemState'. [C:\Users\ricky\Documents\flutter\GitHub\kalmnest\flutter_codelab\build\windows\x64\flutter\flutter_assemble.vcxproj]
[        ]   [   +3 ms] lib/student/widgets/class/student_class_list_section.dart(68,24): error GD65BB2B6: The getter '_isHovered' isn't defined for the type '_ClassListItemState'. [C:\Users\ricky\Documents\flutter\GitHub\kalmnest\flutter_codelab\build\windows\x64\flutter\flutter_assemble.vcxproj]
[        ]   [        ] lib/student/widgets/class/student_class_list_section.dart(73,26): error GD65BB2B6: The getter '_isHovered' isn't defined for the type '_ClassListItemState'. [C:\Users\ricky\Documents\flutter\GitHub\kalmnest\flutter_codelab\build\windows\x64\flutter\flutter_assemble.vcxproj]
[        ]   [        ] lib/student/widgets/class/student_class_list_section.dart(58,42): error GD65BB4FA: The setter '_isHovered' isn't defined for the type '_ClassListItemState'. [C:\Users\ricky\Documents\flutter\GitHub\kalmnest\flutter_codelab\build\windows\x64\flutter\flutter_assemble.vcxproj]
[        ]   [        ] lib/student/widgets/class/student_class_list_section.dart(59,41): error GD65BB4FA: The setter '_isHovered' isn't defined for the type '_ClassListItemState'. [C:\Users\ricky\Documents\flutter\GitHub\kalmnest\flutter_codelab\build\windows\x64\flutter\flutter_assemble.vcxproj]
[        ]   [  +10 ms] lib/student/widgets/feedback/student_view_feedback_page.dart(65,13): error GBF4691A2: No named parameter with the name 'topic'. [C:\Users\ricky\Documents\flutter\GitHub\kalmnest\flutter_codelab\build\windows\x64\flutter\flutter_assemble.vcxproj]
[        ]   [        ] lib/student/widgets/feedback/student_view_feedback_page.dart(80,11): error GD65BB2B6: The getter 'AppLocalizations' isn't defined for the type '_StudentViewFeedbackPageState'. [C:\Users\ricky\Documents\flutter\GitHub\kalmnest\flutter_codelab\build\windows\x64\flutter\flutter_assemble.vcxproj]
[        ]     0 Warning(s)
[        ]     21 Error(s)
[        ]   [        ] lib/student/widgets/feedback/student_view_feedback_page.dart(106,21): error GD65BB2B6: The getter 'AppLocalizations' isn't defined for the type '_StudentViewFeedbackPageState'. [C:\Users\ricky\Documents\flutter\GitHub\kalmnest\flutter_codelab\build\windows\x64\flutter\flutter_assemble.vcxproj]
[        ]   [   +3 ms] lib/student/widgets/feedback/student_view_feedback_page.dart(174,50): error GD65BB2B6: The getter 'topic' isn't defined for the type 'FeedbackData'. [C:\Users\ricky\Documents\flutter\GitHub\kalmnest\flutter_codelab\build\windows\x64\flutter\flutter_assemble.vcxproj]
[        ]   C:\Program Files (x86)\Microsoft Visual Studio\2019\Community\MSBuild\Microsoft\VC\v160\Microsoft.CppCommon.targets(241,5): error MSB8066: Custom build for 'C:\Users\ricky\Documents\flutter\GitHub\kalmnest\flutter_codelab\build\windows\x64\CMakeFiles\cb5e0bc7643c4b28895039d99656c43f\flutter_windows.dll.rule;C:\Users\ricky\Documents\flutter\GitHub\kalmnest\flutter_codelab\build\windows\x64\CMakeFiles\301944e10656025d3c3465141a65b4ab\flutter_assemble.rule' exited with code 1. [C:\Users\ricky\Documents\flutter\GitHub\kalmnest\flutter_codelab\build\windows\x64\flutter\flutter_assemble.vcxproj]
[        ] Time Elapsed 00:00:24.99
[  +31 ms] Building Windows application... (completed in 34.0s)
[        ] Error: Build process failed.
[   +1 ms] "flutter run" took 35,307ms.
[  +51 ms] 
[        ] Running 3 shutdown hooks
           #0      throwToolExit (package:flutter_tools/src/base/common.dart:34:3)
           #1      RunCommand.runCommand (package:flutter_tools/src/commands/run.dart:872:9)
           <asynchronous suspension>
           #2      FlutterCommand.run.<anonymous closure> (package:flutter_tools/src/runner/flutter_command.dart:1581:27)
           <asynchronous suspension>
           #3      AppContext.run.<anonymous closure> (package:flutter_tools/src/base/context.dart:154:19)
           <asynchronous suspension>
           #4      CommandRunner.runCommand (package:args/command_runner.dart:212:13)
           <asynchronous suspension>
           #5      FlutterCommandRunner.runCommand.<anonymous closure> (package:flutter_tools/src/runner/flutter_command_runner.dart:503:9)
           <asynchronous suspension>
           #6      AppContext.run.<anonymous closure> (package:flutter_tools/src/base/context.dart:154:19)
           <asynchronous suspension>
           #7      FlutterCommandRunner.runCommand (package:flutter_tools/src/runner/flutter_command_runner.dart:438:5)
           <asynchronous suspension>
           #8      run.<anonymous closure>.<anonymous closure> (package:flutter_tools/runner.dart:98:11)
           <asynchronous suspension>
           #9      AppContext.run.<anonymous closure> (package:flutter_tools/src/base/context.dart:154:19)
           <asynchronous suspension>
           #10     main (package:flutter_tools/executable.dart:101:3)
           <asynchronous suspension>


[   +1 ms] Shutdown hooks complete
[ +260 ms] exiting with code 1
